2023-02-06 22:02:958 INFO  Utils :112 - [TestNG] Running:
  C:\Users\kuldi\AppData\Local\JetBrains\IdeaIC2022.3\temp-testng-customsuite.xml

2023-02-06 22:02:429 INFO  WebDriverManager :1122 - Using chromedriver 109.0.5414.74 (resolved driver for Chrome 109)
2023-02-06 22:02:474 INFO  WebDriverManager :1177 - Exporting webdriver.chrome.driver as C:\Users\kuldi\.cache\selenium\chromedriver\win32\109.0.5414.74\chromedriver.exe
2023-02-06 22:02:775 INFO  LoginPage :35 - Enter your username[[ChromeDriver: chrome on WINDOWS (8848b79b2c9c6aaae18cd7a60101ba9c)] -> name: username]
2023-02-06 22:02:861 INFO  LoginPage :40 - Enter your passwordadmin123
2023-02-06 22:02:876 INFO  LoginPage :43 - click on login button[[ChromeDriver: chrome on WINDOWS (8848b79b2c9c6aaae18cd7a60101ba9c)] -> xpath: //button[@type='submit']]
2023-02-06 23:02:729 INFO  Utils :112 - [TestNG] Running:
  C:\Users\kuldi\AppData\Local\JetBrains\IdeaIC2022.3\temp-testng-customsuite.xml

2023-02-06 23:02:832 INFO  WebDriverManager :1122 - Using chromedriver 109.0.5414.74 (resolved driver for Chrome 109)
2023-02-06 23:02:871 INFO  WebDriverManager :1177 - Exporting webdriver.chrome.driver as C:\Users\kuldi\.cache\selenium\chromedriver\win32\109.0.5414.74\chromedriver.exe
2023-02-06 23:02:54 INFO  LoginPage :35 - Enter your username[[ChromeDriver: chrome on WINDOWS (3094e46e46efe777a30862577aa1704d)] -> name: username]
2023-02-06 23:02:204 INFO  LoginPage :40 - Enter your passwordadmin123
2023-02-06 23:02:232 INFO  LoginPage :43 - click on login button[[ChromeDriver: chrome on WINDOWS (3094e46e46efe777a30862577aa1704d)] -> xpath: //button[@type='submit']]
2023-02-06 23:02:702 INFO  Utils :112 - [TestNG] Running:
  C:\Users\kuldi\AppData\Local\JetBrains\IdeaIC2022.3\temp-testng-customsuite.xml

2023-02-06 23:02:842 INFO  WebDriverManager :1122 - Using chromedriver 109.0.5414.74 (resolved driver for Chrome 109)
2023-02-06 23:02:878 INFO  WebDriverManager :1177 - Exporting webdriver.chrome.driver as C:\Users\kuldi\.cache\selenium\chromedriver\win32\109.0.5414.74\chromedriver.exe
2023-02-06 23:02:921 INFO  LoginPage :35 - Enter your username[[ChromeDriver: chrome on WINDOWS (28fc0851f94faba8926790106e4481ef)] -> name: username]
2023-02-06 23:02:109 INFO  LoginPage :40 - Enter your passwordadmin123
2023-02-06 23:02:155 INFO  LoginPage :43 - click on login button[[ChromeDriver: chrome on WINDOWS (28fc0851f94faba8926790106e4481ef)] -> xpath: //button[@type='submit']]
2023-02-06 23:02:823 INFO  WebDriverManager :1122 - Using chromedriver 109.0.5414.74 (resolved driver for Chrome 109)
2023-02-06 23:02:847 INFO  WebDriverManager :1177 - Exporting webdriver.chrome.driver as C:\Users\kuldi\.cache\selenium\chromedriver\win32\109.0.5414.74\chromedriver.exe
2023-02-06 23:02:718 INFO  LoginPage :35 - Enter your username[[ChromeDriver: chrome on WINDOWS (aed815a1763dfef0193ebe2d077d1dd7)] -> name: username]
2023-02-06 23:02:823 INFO  LoginPage :40 - Enter your passwordadmin123
2023-02-06 23:02:836 INFO  LoginPage :43 - click on login button[[ChromeDriver: chrome on WINDOWS (aed815a1763dfef0193ebe2d077d1dd7)] -> xpath: //button[@type='submit']]
2023-02-06 23:02:805 INFO  Utils :112 - [TestNG] Running:
  C:\Users\kuldi\AppData\Local\JetBrains\IdeaIC2022.3\temp-testng-customsuite.xml

2023-02-06 23:02:811 INFO  WebDriverManager :1122 - Using chromedriver 109.0.5414.74 (resolved driver for Chrome 109)
2023-02-06 23:02:851 INFO  WebDriverManager :1177 - Exporting webdriver.chrome.driver as C:\Users\kuldi\.cache\selenium\chromedriver\win32\109.0.5414.74\chromedriver.exe
2023-02-06 23:02:399 INFO  LoginPage :35 - Enter your username[[ChromeDriver: chrome on WINDOWS (544745e4c6d510cca53c7bb074e86544)] -> name: username]
2023-02-06 23:02:507 INFO  LoginPage :40 - Enter your passwordadmin123
2023-02-06 23:02:525 INFO  LoginPage :43 - click on login button[[ChromeDriver: chrome on WINDOWS (544745e4c6d510cca53c7bb074e86544)] -> xpath: //button[@type='submit']]
2023-02-06 23:02:688 INFO  HomePage :47 - Click on orangeHRMLogo[[ChromeDriver: chrome on WINDOWS (544745e4c6d510cca53c7bb074e86544)] -> xpath: //div[@class='oxd-brand-logo']//img[@alt='client brand logo']]
2023-02-06 23:02:980 INFO  Utils :112 - [TestNG] Running:
  C:\Users\kuldi\AppData\Local\JetBrains\IdeaIC2022.3\temp-testng-customsuite.xml

2023-02-06 23:02:12 INFO  WebDriverManager :1122 - Using chromedriver 109.0.5414.74 (resolved driver for Chrome 109)
2023-02-06 23:02:55 INFO  WebDriverManager :1177 - Exporting webdriver.chrome.driver as C:\Users\kuldi\.cache\selenium\chromedriver\win32\109.0.5414.74\chromedriver.exe
2023-02-06 23:02:206 INFO  LoginPage :35 - Enter your username[[ChromeDriver: chrome on WINDOWS (d7326e4afa5c2131a08ddba37b9a0381)] -> name: username]
2023-02-06 23:02:345 INFO  LoginPage :40 - Enter your passwordadmin123
2023-02-06 23:02:371 INFO  LoginPage :43 - click on login button[[ChromeDriver: chrome on WINDOWS (d7326e4afa5c2131a08ddba37b9a0381)] -> xpath: //button[@type='submit']]
2023-02-06 23:02:537 INFO  Utils :112 - [TestNG] Running:
  C:\Users\kuldi\AppData\Local\JetBrains\IdeaIC2022.3\temp-testng-customsuite.xml

2023-02-06 23:02:642 INFO  WebDriverManager :1122 - Using chromedriver 109.0.5414.74 (resolved driver for Chrome 109)
2023-02-06 23:02:690 INFO  WebDriverManager :1177 - Exporting webdriver.chrome.driver as C:\Users\kuldi\.cache\selenium\chromedriver\win32\109.0.5414.74\chromedriver.exe
2023-02-06 23:02:591 INFO  LoginPage :35 - Enter your username[[ChromeDriver: chrome on WINDOWS (5e717cb5d5795efb32140c10473128f1)] -> name: username]
2023-02-06 23:02:762 INFO  LoginPage :40 - Enter your passwordadmin123
2023-02-06 23:02:781 INFO  LoginPage :43 - click on login button[[ChromeDriver: chrome on WINDOWS (5e717cb5d5795efb32140c10473128f1)] -> xpath: //button[@type='submit']]
2023-02-06 23:02:302 INFO  HomePage :33 - Getting profile picture from[[ChromeDriver: chrome on WINDOWS (5e717cb5d5795efb32140c10473128f1)] -> xpath: //div[@class='oxd-topbar-header-userarea']/ul/li/span//img[@alt='profile picture']]
2023-02-06 23:02:222 INFO  HomePage :39 - click on logoutProxy element for: DefaultElementLocator 'By.xpath: //div[@class='oxd-topbar-header-userarea']/ul/li/ul/li[4]//a[@href='/web/index.php/auth/logout']'
2023-02-06 23:02:402 INFO  Utils :112 - [TestNG] Running:
  C:\Users\kuldi\AppData\Local\JetBrains\IdeaIC2022.3\temp-testng-customsuite.xml

2023-02-06 23:02:366 INFO  WebDriverManager :1122 - Using chromedriver 109.0.5414.74 (resolved driver for Chrome 109)
2023-02-06 23:02:409 INFO  WebDriverManager :1177 - Exporting webdriver.chrome.driver as C:\Users\kuldi\.cache\selenium\chromedriver\win32\109.0.5414.74\chromedriver.exe
2023-02-06 23:02:963 INFO  LoginPage :35 - Enter your username[[ChromeDriver: chrome on WINDOWS (a12b3a0b5ce8b78a84847e39ee5ce252)] -> name: username]
2023-02-06 23:02:102 INFO  LoginPage :40 - Enter your passwordadmin123
2023-02-06 23:02:122 INFO  LoginPage :43 - click on login button[[ChromeDriver: chrome on WINDOWS (a12b3a0b5ce8b78a84847e39ee5ce252)] -> xpath: //button[@type='submit']]
2023-02-06 23:02:810 INFO  HomePage :52 - Click on admin tab[[ChromeDriver: chrome on WINDOWS (a12b3a0b5ce8b78a84847e39ee5ce252)] -> xpath: //div[@class='oxd-sidepanel-body']/ul/li//a[@href='/web/index.php/admin/viewAdminModule']]
2023-02-06 23:02:871 INFO  HomePage :83 - getting text of [[ChromeDriver: chrome on WINDOWS (a12b3a0b5ce8b78a84847e39ee5ce252)] -> xpath: //h5[text()='System Users']]
2023-02-06 23:02:582 INFO  HomePage :158 - Click on add button Proxy element for: DefaultElementLocator 'By.xpath: //div[@class='orangehrm-header-container']//button[@type='button']'
2023-02-06 23:02:612 INFO  HomePage :98 - getting text of [[ChromeDriver: chrome on WINDOWS (a12b3a0b5ce8b78a84847e39ee5ce252)] -> xpath: //div[@class='orangehrm-card-container']//h6[text()='Add User']]
2023-02-06 23:02:905 INFO  Utils :112 - [TestNG] Running:
  C:\Users\kuldi\AppData\Local\JetBrains\IdeaIC2022.3\temp-testng-customsuite.xml

2023-02-06 23:02:92 INFO  WebDriverManager :1122 - Using chromedriver 109.0.5414.74 (resolved driver for Chrome 109)
2023-02-06 23:02:141 INFO  WebDriverManager :1177 - Exporting webdriver.chrome.driver as C:\Users\kuldi\.cache\selenium\chromedriver\win32\109.0.5414.74\chromedriver.exe
2023-02-06 23:02:353 INFO  LoginPage :35 - Enter your username[[ChromeDriver: chrome on WINDOWS (eba214311429df19e6abd1a8718187c4)] -> name: username]
2023-02-06 23:02:514 INFO  LoginPage :40 - Enter your passwordadmin123
2023-02-06 23:02:532 INFO  LoginPage :43 - click on login button[[ChromeDriver: chrome on WINDOWS (eba214311429df19e6abd1a8718187c4)] -> xpath: //button[@type='submit']]
2023-02-06 23:02:558 INFO  HomePage :52 - Click on admin tab[[ChromeDriver: chrome on WINDOWS (eba214311429df19e6abd1a8718187c4)] -> xpath: //div[@class='oxd-sidepanel-body']/ul/li//a[@href='/web/index.php/admin/viewAdminModule']]
2023-02-06 23:02:607 INFO  HomePage :83 - getting text of [[ChromeDriver: chrome on WINDOWS (eba214311429df19e6abd1a8718187c4)] -> xpath: //h5[text()='System Users']]
2023-02-06 23:02:643 INFO  HomePage :158 - Click on add button Proxy element for: DefaultElementLocator 'By.xpath: //div[@class='orangehrm-header-container']//button[@type='button']'
2023-02-06 23:02:673 INFO  HomePage :98 - getting text of [[ChromeDriver: chrome on WINDOWS (eba214311429df19e6abd1a8718187c4)] -> xpath: //div[@class='orangehrm-card-container']//h6[text()='Add User']]
2023-02-06 23:02:808 INFO  Utils :112 - [TestNG] Running:
  C:\Users\kuldi\AppData\Local\JetBrains\IdeaIC2022.3\temp-testng-customsuite.xml

2023-02-06 23:02:13 INFO  WebDriverManager :1122 - Using chromedriver 109.0.5414.74 (resolved driver for Chrome 109)
2023-02-06 23:02:83 INFO  WebDriverManager :1177 - Exporting webdriver.chrome.driver as C:\Users\kuldi\.cache\selenium\chromedriver\win32\109.0.5414.74\chromedriver.exe
2023-02-06 23:02:106 INFO  LoginPage :35 - Enter your username[[ChromeDriver: chrome on WINDOWS (c725af01f311a17de9e1406c07b463d0)] -> name: username]
2023-02-06 23:02:207 INFO  LoginPage :40 - Enter your passwordadmin123
2023-02-06 23:02:222 INFO  LoginPage :43 - click on login button[[ChromeDriver: chrome on WINDOWS (c725af01f311a17de9e1406c07b463d0)] -> xpath: //button[@type='submit']]
2023-02-06 23:02:784 INFO  HomePage :52 - Click on admin tab[[ChromeDriver: chrome on WINDOWS (c725af01f311a17de9e1406c07b463d0)] -> xpath: //div[@class='oxd-sidepanel-body']/ul/li//a[@href='/web/index.php/admin/viewAdminModule']]
2023-02-06 23:02:823 INFO  HomePage :83 - getting text of [[ChromeDriver: chrome on WINDOWS (c725af01f311a17de9e1406c07b463d0)] -> xpath: //h5[text()='System Users']]
2023-02-06 23:02:484 INFO  HomePage :158 - Click on add button Proxy element for: DefaultElementLocator 'By.xpath: //div[@class='orangehrm-header-container']//button[@type='button']'
2023-02-06 23:02:503 INFO  HomePage :98 - getting text of [[ChromeDriver: chrome on WINDOWS (c725af01f311a17de9e1406c07b463d0)] -> xpath: //div[@class='orangehrm-card-container']//h6[text()='Add User']]
2023-02-06 23:02:237 INFO  Utils :112 - [TestNG] Running:
  C:\Users\kuldi\AppData\Local\JetBrains\IdeaIC2022.3\temp-testng-customsuite.xml

2023-02-06 23:02:388 INFO  WebDriverManager :1122 - Using chromedriver 109.0.5414.74 (resolved driver for Chrome 109)
2023-02-06 23:02:427 INFO  WebDriverManager :1177 - Exporting webdriver.chrome.driver as C:\Users\kuldi\.cache\selenium\chromedriver\win32\109.0.5414.74\chromedriver.exe
2023-02-06 23:02:953 INFO  LoginPage :35 - Enter your username[[ChromeDriver: chrome on WINDOWS (f3f5e10120da93dc1e323a372d1c6ddb)] -> name: username]
2023-02-06 23:02:93 INFO  LoginPage :40 - Enter your passwordadmin123
2023-02-06 23:02:113 INFO  LoginPage :43 - click on login button[[ChromeDriver: chrome on WINDOWS (f3f5e10120da93dc1e323a372d1c6ddb)] -> xpath: //button[@type='submit']]
2023-02-06 23:02:475 INFO  HomePage :52 - Click on admin tab[[ChromeDriver: chrome on WINDOWS (f3f5e10120da93dc1e323a372d1c6ddb)] -> xpath: //div[@class='oxd-sidepanel-body']/ul/li//a[@href='/web/index.php/admin/viewAdminModule']]
2023-02-06 23:02:537 INFO  HomePage :83 - getting text of [[ChromeDriver: chrome on WINDOWS (f3f5e10120da93dc1e323a372d1c6ddb)] -> xpath: //h5[text()='System Users']]
2023-02-06 23:02:315 INFO  HomePage :158 - Click on add button Proxy element for: DefaultElementLocator 'By.xpath: //div[@class='orangehrm-header-container']//button[@type='button']'
2023-02-06 23:02:333 INFO  HomePage :98 - getting text of [[ChromeDriver: chrome on WINDOWS (f3f5e10120da93dc1e323a372d1c6ddb)] -> xpath: //div[@class='orangehrm-card-container']//h6[text()='Add User']]
2023-02-06 23:02:225 INFO  Utils :112 - [TestNG] Running:
  C:\Users\kuldi\AppData\Local\JetBrains\IdeaIC2022.3\temp-testng-customsuite.xml

2023-02-06 23:02:325 INFO  WebDriverManager :1122 - Using chromedriver 109.0.5414.74 (resolved driver for Chrome 109)
2023-02-06 23:02:382 INFO  WebDriverManager :1177 - Exporting webdriver.chrome.driver as C:\Users\kuldi\.cache\selenium\chromedriver\win32\109.0.5414.74\chromedriver.exe
2023-02-06 23:02:964 INFO  LoginPage :35 - Enter your username[[ChromeDriver: chrome on WINDOWS (97937ca5d8e1bff168960c14e4c724d2)] -> name: username]
2023-02-06 23:02:114 INFO  LoginPage :40 - Enter your passwordadmin123
2023-02-06 23:02:144 INFO  LoginPage :43 - click on login button[[ChromeDriver: chrome on WINDOWS (97937ca5d8e1bff168960c14e4c724d2)] -> xpath: //button[@type='submit']]
2023-02-06 23:02:267 INFO  HomePage :52 - Click on admin tab[[ChromeDriver: chrome on WINDOWS (97937ca5d8e1bff168960c14e4c724d2)] -> xpath: //div[@class='oxd-sidepanel-body']/ul/li//a[@href='/web/index.php/admin/viewAdminModule']]
2023-02-06 23:02:315 INFO  HomePage :83 - getting text of [[ChromeDriver: chrome on WINDOWS (97937ca5d8e1bff168960c14e4c724d2)] -> xpath: //h5[text()='System Users']]
2023-02-06 23:02:974 INFO  HomePage :158 - Click on add button Proxy element for: DefaultElementLocator 'By.xpath: //div[@class='orangehrm-header-container']//button[@type='button']'
2023-02-06 23:02:994 INFO  HomePage :98 - getting text of [[ChromeDriver: chrome on WINDOWS (97937ca5d8e1bff168960c14e4c724d2)] -> xpath: //div[@class='orangehrm-card-container']//h6[text()='Add User']]
2023-02-06 23:02:905 INFO  Utils :112 - [TestNG] Running:
  C:\Users\kuldi\AppData\Local\JetBrains\IdeaIC2022.3\temp-testng-customsuite.xml

2023-02-06 23:02:210 INFO  WebDriverManager :1122 - Using chromedriver 109.0.5414.74 (resolved driver for Chrome 109)
2023-02-06 23:02:274 INFO  WebDriverManager :1177 - Exporting webdriver.chrome.driver as C:\Users\kuldi\.cache\selenium\chromedriver\win32\109.0.5414.74\chromedriver.exe
2023-02-06 23:02:694 INFO  LoginPage :35 - Enter your username[[ChromeDriver: chrome on WINDOWS (be68870031efbdd20acb1b97004844a1)] -> name: username]
2023-02-06 23:02:909 INFO  LoginPage :40 - Enter your passwordadmin123
2023-02-06 23:02:954 INFO  LoginPage :43 - click on login button[[ChromeDriver: chrome on WINDOWS (be68870031efbdd20acb1b97004844a1)] -> xpath: //button[@type='submit']]
2023-02-06 23:02:119 INFO  HomePage :52 - Click on admin tab[[ChromeDriver: chrome on WINDOWS (be68870031efbdd20acb1b97004844a1)] -> xpath: //div[@class='oxd-sidepanel-body']/ul/li//a[@href='/web/index.php/admin/viewAdminModule']]
2023-02-06 23:02:223 INFO  HomePage :83 - getting text of [[ChromeDriver: chrome on WINDOWS (be68870031efbdd20acb1b97004844a1)] -> xpath: //h5[text()='System Users']]
2023-02-06 23:02:99 INFO  HomePage :158 - Click on add button Proxy element for: DefaultElementLocator 'By.xpath: //div[@class='orangehrm-header-container']//button[@type='button']'
2023-02-06 23:02:125 INFO  HomePage :98 - getting text of [[ChromeDriver: chrome on WINDOWS (be68870031efbdd20acb1b97004844a1)] -> xpath: //div[@class='orangehrm-card-container']//h6[text()='Add User']]
2023-02-06 23:02:909 INFO  Utils :112 - [TestNG] Running:
  C:\Users\kuldi\AppData\Local\JetBrains\IdeaIC2022.3\temp-testng-customsuite.xml

2023-02-06 23:02:18 INFO  WebDriverManager :1122 - Using chromedriver 109.0.5414.74 (resolved driver for Chrome 109)
2023-02-06 23:02:71 INFO  WebDriverManager :1177 - Exporting webdriver.chrome.driver as C:\Users\kuldi\.cache\selenium\chromedriver\win32\109.0.5414.74\chromedriver.exe
2023-02-06 23:02:195 INFO  LoginPage :35 - Enter your username[[ChromeDriver: chrome on WINDOWS (bfbf86392b17a8525d547f1e4314b52c)] -> name: username]
2023-02-06 23:02:355 INFO  LoginPage :40 - Enter your passwordadmin123
2023-02-06 23:02:375 INFO  LoginPage :43 - click on login button[[ChromeDriver: chrome on WINDOWS (bfbf86392b17a8525d547f1e4314b52c)] -> xpath: //button[@type='submit']]
2023-02-06 23:02:769 INFO  HomePage :52 - Click on admin tab[[ChromeDriver: chrome on WINDOWS (bfbf86392b17a8525d547f1e4314b52c)] -> xpath: //div[@class='oxd-sidepanel-body']/ul/li//a[@href='/web/index.php/admin/viewAdminModule']]
2023-02-06 23:02:798 INFO  HomePage :83 - getting text of [[ChromeDriver: chrome on WINDOWS (bfbf86392b17a8525d547f1e4314b52c)] -> xpath: //h5[text()='System Users']]
2023-02-06 23:02:515 INFO  HomePage :158 - Click on add button Proxy element for: DefaultElementLocator 'By.xpath: //div[@class='orangehrm-header-container']//button[@type='button']'
2023-02-06 23:02:545 INFO  HomePage :98 - getting text of [[ChromeDriver: chrome on WINDOWS (bfbf86392b17a8525d547f1e4314b52c)] -> xpath: //div[@class='orangehrm-card-container']//h6[text()='Add User']]
2023-02-06 23:02:894 INFO  HomePage :60 - Enter usernameProxy element for: DefaultElementLocator 'By.xpath: //div[@class='oxd-form-row']/div/div[1]//input[@class='oxd-input oxd-input--active']'
2023-02-06 23:02:966 INFO  Utils :112 - [TestNG] Running:
  C:\Users\kuldi\AppData\Local\JetBrains\IdeaIC2022.3\temp-testng-customsuite.xml

2023-02-06 23:02:99 INFO  WebDriverManager :1122 - Using chromedriver 109.0.5414.74 (resolved driver for Chrome 109)
2023-02-06 23:02:149 INFO  WebDriverManager :1177 - Exporting webdriver.chrome.driver as C:\Users\kuldi\.cache\selenium\chromedriver\win32\109.0.5414.74\chromedriver.exe
2023-02-06 23:02:664 INFO  LoginPage :35 - Enter your username[[ChromeDriver: chrome on WINDOWS (86f004c20982a7da3e5223fb9dbc013b)] -> name: username]
2023-02-06 23:02:825 INFO  LoginPage :40 - Enter your passwordadmin123
2023-02-06 23:02:850 INFO  LoginPage :43 - click on login button[[ChromeDriver: chrome on WINDOWS (86f004c20982a7da3e5223fb9dbc013b)] -> xpath: //button[@type='submit']]
2023-02-06 23:02:879 INFO  HomePage :52 - Click on admin tab[[ChromeDriver: chrome on WINDOWS (86f004c20982a7da3e5223fb9dbc013b)] -> xpath: //div[@class='oxd-sidepanel-body']/ul/li//a[@href='/web/index.php/admin/viewAdminModule']]
2023-02-06 23:02:948 INFO  HomePage :83 - getting text of [[ChromeDriver: chrome on WINDOWS (86f004c20982a7da3e5223fb9dbc013b)] -> xpath: //h5[text()='System Users']]
2023-02-06 23:02:387 INFO  HomePage :104 - getting text of Proxy element for: DefaultElementLocator 'By.xpath: //div[@class='oxd-form-row']/div/div[1]//input[@class='oxd-input oxd-input--active']'
2023-02-06 23:02:287 INFO  HomePage :148 - Click on search button [[ChromeDriver: chrome on WINDOWS (86f004c20982a7da3e5223fb9dbc013b)] -> xpath: //div[@class='oxd-form-actions']//button[@type='submit']]
2023-02-06 23:02:163 INFO  Utils :112 - [TestNG] Running:
  C:\Users\kuldi\AppData\Local\JetBrains\IdeaIC2022.3\temp-testng-customsuite.xml

2023-02-06 23:02:299 INFO  WebDriverManager :1122 - Using chromedriver 109.0.5414.74 (resolved driver for Chrome 109)
2023-02-06 23:02:341 INFO  WebDriverManager :1177 - Exporting webdriver.chrome.driver as C:\Users\kuldi\.cache\selenium\chromedriver\win32\109.0.5414.74\chromedriver.exe
2023-02-06 23:02:380 INFO  LoginPage :35 - Enter your username[[ChromeDriver: chrome on WINDOWS (209f9e8575fa926badce8e5f6758ee71)] -> name: username]
2023-02-06 23:02:541 INFO  LoginPage :40 - Enter your passwordadmin123
2023-02-06 23:02:568 INFO  LoginPage :43 - click on login button[[ChromeDriver: chrome on WINDOWS (209f9e8575fa926badce8e5f6758ee71)] -> xpath: //button[@type='submit']]
2023-02-06 23:02:743 INFO  HomePage :52 - Click on admin tab[[ChromeDriver: chrome on WINDOWS (209f9e8575fa926badce8e5f6758ee71)] -> xpath: //div[@class='oxd-sidepanel-body']/ul/li//a[@href='/web/index.php/admin/viewAdminModule']]
2023-02-06 23:02:915 INFO  HomePage :52 - Click on admin tab[[ChromeDriver: chrome on WINDOWS (209f9e8575fa926badce8e5f6758ee71)] -> xpath: //div[@class='oxd-sidepanel-body']/ul/li//a[@href='/web/index.php/admin/viewAdminModule']]
2023-02-06 23:02:977 INFO  HomePage :83 - getting text of [[ChromeDriver: chrome on WINDOWS (209f9e8575fa926badce8e5f6758ee71)] -> xpath: //h5[text()='System Users']]
2023-02-06 23:02:402 INFO  HomePage :104 - getting text of Proxy element for: DefaultElementLocator 'By.xpath: //div[@class='oxd-form-row']/div/div[1]//input[@class='oxd-input oxd-input--active']'
2023-02-06 23:02:938 INFO  HomePage :148 - Click on search button [[ChromeDriver: chrome on WINDOWS (209f9e8575fa926badce8e5f6758ee71)] -> xpath: //div[@class='oxd-form-actions']//button[@type='submit']]
2023-02-06 23:02:491 INFO  Utils :112 - [TestNG] Running:
  C:\Users\kuldi\AppData\Local\JetBrains\IdeaIC2022.3\temp-testng-customsuite.xml

2023-02-06 23:02:558 INFO  WebDriverManager :1122 - Using chromedriver 109.0.5414.74 (resolved driver for Chrome 109)
2023-02-06 23:02:607 INFO  WebDriverManager :1177 - Exporting webdriver.chrome.driver as C:\Users\kuldi\.cache\selenium\chromedriver\win32\109.0.5414.74\chromedriver.exe
2023-02-06 23:02:21 INFO  LoginPage :35 - Enter your username[[ChromeDriver: chrome on WINDOWS (9b095b872bb69da4312570a39c751b40)] -> name: username]
2023-02-06 23:02:181 INFO  LoginPage :40 - Enter your passwordadmin123
2023-02-06 23:02:211 INFO  LoginPage :43 - click on login button[[ChromeDriver: chrome on WINDOWS (9b095b872bb69da4312570a39c751b40)] -> xpath: //button[@type='submit']]
2023-02-06 23:02:929 INFO  HomePage :52 - Click on admin tab[[ChromeDriver: chrome on WINDOWS (9b095b872bb69da4312570a39c751b40)] -> xpath: //div[@class='oxd-sidepanel-body']/ul/li//a[@href='/web/index.php/admin/viewAdminModule']]
2023-02-06 23:02:883 INFO  HomePage :52 - Click on admin tab[[ChromeDriver: chrome on WINDOWS (9b095b872bb69da4312570a39c751b40)] -> xpath: //div[@class='oxd-sidepanel-body']/ul/li//a[@href='/web/index.php/admin/viewAdminModule']]
2023-02-06 23:02:931 INFO  HomePage :83 - getting text of [[ChromeDriver: chrome on WINDOWS (9b095b872bb69da4312570a39c751b40)] -> xpath: //h5[text()='System Users']]
2023-02-06 23:02:431 INFO  HomePage :104 - getting text of Proxy element for: DefaultElementLocator 'By.xpath: //div[@class='oxd-form-row']/div/div[1]//input[@class='oxd-input oxd-input--active']'
2023-02-06 23:02:786 INFO  HomePage :148 - Click on search button [[ChromeDriver: chrome on WINDOWS (9b095b872bb69da4312570a39c751b40)] -> xpath: //div[@class='oxd-form-actions']//button[@type='submit']]
2023-02-06 23:02:471 INFO  Utils :112 - [TestNG] Running:
  C:\Users\kuldi\AppData\Local\JetBrains\IdeaIC2022.3\temp-testng-customsuite.xml

2023-02-06 23:02:536 INFO  WebDriverManager :1122 - Using chromedriver 109.0.5414.74 (resolved driver for Chrome 109)
2023-02-06 23:02:577 INFO  WebDriverManager :1177 - Exporting webdriver.chrome.driver as C:\Users\kuldi\.cache\selenium\chromedriver\win32\109.0.5414.74\chromedriver.exe
2023-02-06 23:02:378 INFO  LoginPage :35 - Enter your username[[ChromeDriver: chrome on WINDOWS (c3411f4fb675f8443548f2f9b22dddbc)] -> name: username]
2023-02-06 23:02:516 INFO  LoginPage :40 - Enter your passwordadmin123
2023-02-06 23:02:543 INFO  LoginPage :43 - click on login button[[ChromeDriver: chrome on WINDOWS (c3411f4fb675f8443548f2f9b22dddbc)] -> xpath: //button[@type='submit']]
2023-02-06 23:02:577 INFO  HomePage :52 - Click on admin tab[[ChromeDriver: chrome on WINDOWS (c3411f4fb675f8443548f2f9b22dddbc)] -> xpath: //div[@class='oxd-sidepanel-body']/ul/li//a[@href='/web/index.php/admin/viewAdminModule']]
2023-02-06 23:02:533 INFO  HomePage :52 - Click on admin tab[[ChromeDriver: chrome on WINDOWS (c3411f4fb675f8443548f2f9b22dddbc)] -> xpath: //div[@class='oxd-sidepanel-body']/ul/li//a[@href='/web/index.php/admin/viewAdminModule']]
2023-02-06 23:02:577 INFO  HomePage :83 - getting text of [[ChromeDriver: chrome on WINDOWS (c3411f4fb675f8443548f2f9b22dddbc)] -> xpath: //h5[text()='System Users']]
2023-02-06 23:02:831 INFO  HomePage :104 - getting text of Proxy element for: DefaultElementLocator 'By.xpath: //div[@class='oxd-form-row']/div/div[1]//input[@class='oxd-input oxd-input--active']'
2023-02-07 00:02:979 INFO  Utils :112 - [TestNG] Running:
  C:\HomeWork\orangeHRMweek13\src\test\java\resources\runners\testng.xml

2023-02-07 00:02:826 INFO  WebDriverManager :1122 - Using chromedriver 109.0.5414.74 (resolved driver for Chrome 109)
2023-02-07 00:02:861 INFO  WebDriverManager :1177 - Exporting webdriver.chrome.driver as C:\Users\kuldi\.cache\selenium\chromedriver\win32\109.0.5414.74\chromedriver.exe
2023-02-07 00:02:451 INFO  LoginPage :35 - Enter your username[[ChromeDriver: chrome on WINDOWS (037a47300671f81d83a3ac769c23db42)] -> name: username]
2023-02-07 00:02:591 INFO  LoginPage :40 - Enter your passwordadmin123
2023-02-07 00:02:611 INFO  LoginPage :43 - click on login button[[ChromeDriver: chrome on WINDOWS (037a47300671f81d83a3ac769c23db42)] -> xpath: //button[@type='submit']]
2023-02-07 00:02:932 INFO  WebDriverManager :1122 - Using chromedriver 109.0.5414.74 (resolved driver for Chrome 109)
2023-02-07 00:02:961 INFO  WebDriverManager :1177 - Exporting webdriver.chrome.driver as C:\Users\kuldi\.cache\selenium\chromedriver\win32\109.0.5414.74\chromedriver.exe
2023-02-07 00:02:908 INFO  LoginPage :35 - Enter your username[[ChromeDriver: chrome on WINDOWS (da59bab85514e1ba6b19ae191967d5be)] -> name: username]
2023-02-07 00:02:24 INFO  LoginPage :40 - Enter your passwordadmin123
2023-02-07 00:02:38 INFO  LoginPage :43 - click on login button[[ChromeDriver: chrome on WINDOWS (da59bab85514e1ba6b19ae191967d5be)] -> xpath: //button[@type='submit']]
2023-02-07 00:02:473 INFO  HomePage :33 - Getting profile picture from[[ChromeDriver: chrome on WINDOWS (da59bab85514e1ba6b19ae191967d5be)] -> xpath: //div[@class='oxd-topbar-header-userarea']/ul/li/span//img[@alt='profile picture']]
2023-02-07 00:02:637 INFO  HomePage :39 - click on logoutProxy element for: DefaultElementLocator 'By.xpath: //div[@class='oxd-topbar-header-userarea']/ul/li/ul/li[4]//a[@href='/web/index.php/auth/logout']'
2023-02-07 00:02:572 INFO  WebDriverManager :1122 - Using chromedriver 109.0.5414.74 (resolved driver for Chrome 109)
2023-02-07 00:02:583 INFO  WebDriverManager :1177 - Exporting webdriver.chrome.driver as C:\Users\kuldi\.cache\selenium\chromedriver\win32\109.0.5414.74\chromedriver.exe
2023-02-07 00:02:476 INFO  LoginPage :35 - Enter your username[[ChromeDriver: chrome on WINDOWS (a841e4caf329f79cf3ddc71e514f8220)] -> name: username]
2023-02-07 00:02:582 INFO  LoginPage :40 - Enter your passwordadmin123
2023-02-07 00:02:593 INFO  LoginPage :43 - click on login button[[ChromeDriver: chrome on WINDOWS (a841e4caf329f79cf3ddc71e514f8220)] -> xpath: //button[@type='submit']]
2023-02-07 00:02:482 INFO  WebDriverManager :1122 - Using chromedriver 109.0.5414.74 (resolved driver for Chrome 109)
2023-02-07 00:02:497 INFO  WebDriverManager :1177 - Exporting webdriver.chrome.driver as C:\Users\kuldi\.cache\selenium\chromedriver\win32\109.0.5414.74\chromedriver.exe
2023-02-07 00:02:392 INFO  LoginPage :35 - Enter your username[[ChromeDriver: chrome on WINDOWS (0ab86795c4256d073c894eb3f55187ae)] -> name: username]
2023-02-07 00:02:523 INFO  LoginPage :40 - Enter your passwordadmin123
2023-02-07 00:02:552 INFO  LoginPage :43 - click on login button[[ChromeDriver: chrome on WINDOWS (0ab86795c4256d073c894eb3f55187ae)] -> xpath: //button[@type='submit']]
2023-02-07 00:02:664 INFO  HomePage :52 - Click on admin tab[[ChromeDriver: chrome on WINDOWS (0ab86795c4256d073c894eb3f55187ae)] -> xpath: //div[@class='oxd-sidepanel-body']/ul/li//a[@href='/web/index.php/admin/viewAdminModule']]
2023-02-07 00:02:722 INFO  HomePage :83 - getting text of [[ChromeDriver: chrome on WINDOWS (0ab86795c4256d073c894eb3f55187ae)] -> xpath: //h5[text()='System Users']]
2023-02-07 00:02:442 INFO  HomePage :158 - Click on add button Proxy element for: DefaultElementLocator 'By.xpath: //div[@class='orangehrm-header-container']//button[@type='button']'
2023-02-07 00:02:466 INFO  HomePage :98 - getting text of [[ChromeDriver: chrome on WINDOWS (0ab86795c4256d073c894eb3f55187ae)] -> xpath: //div[@class='orangehrm-card-container']//h6[text()='Add User']]
2023-02-07 00:02:952 INFO  WebDriverManager :1122 - Using chromedriver 109.0.5414.74 (resolved driver for Chrome 109)
2023-02-07 00:02:967 INFO  WebDriverManager :1177 - Exporting webdriver.chrome.driver as C:\Users\kuldi\.cache\selenium\chromedriver\win32\109.0.5414.74\chromedriver.exe
2023-02-07 00:02:812 INFO  LoginPage :35 - Enter your username[[ChromeDriver: chrome on WINDOWS (09c850f864e8a09f2b51848f4cd3b615)] -> name: username]
2023-02-07 00:02:962 INFO  LoginPage :40 - Enter your passwordadmin123
2023-02-07 00:02:982 INFO  LoginPage :43 - click on login button[[ChromeDriver: chrome on WINDOWS (09c850f864e8a09f2b51848f4cd3b615)] -> xpath: //button[@type='submit']]
2023-02-07 00:02:828 INFO  HomePage :52 - Click on admin tab[[ChromeDriver: chrome on WINDOWS (09c850f864e8a09f2b51848f4cd3b615)] -> xpath: //div[@class='oxd-sidepanel-body']/ul/li//a[@href='/web/index.php/admin/viewAdminModule']]
2023-02-07 00:02:736 INFO  HomePage :52 - Click on admin tab[[ChromeDriver: chrome on WINDOWS (09c850f864e8a09f2b51848f4cd3b615)] -> xpath: //div[@class='oxd-sidepanel-body']/ul/li//a[@href='/web/index.php/admin/viewAdminModule']]
2023-02-07 00:02:794 INFO  HomePage :83 - getting text of [[ChromeDriver: chrome on WINDOWS (09c850f864e8a09f2b51848f4cd3b615)] -> xpath: //h5[text()='System Users']]
2023-02-07 00:02:192 INFO  HomePage :104 - getting text of Proxy element for: DefaultElementLocator 'By.xpath: //div[@class='oxd-form-row']/div/div[1]//input[@class='oxd-input oxd-input--active']'
2023-02-07 00:02:484 INFO  HomePage :148 - Click on search button [[ChromeDriver: chrome on WINDOWS (09c850f864e8a09f2b51848f4cd3b615)] -> xpath: //div[@class='oxd-form-actions']//button[@type='submit']]
2023-02-07 00:02:758 INFO  HomePage :93 - getting text of [[ChromeDriver: chrome on WINDOWS (09c850f864e8a09f2b51848f4cd3b615)] -> xpath: //div[@class='orangehrm-horizontal-padding orangehrm-vertical-padding']/span[text()='No Records Found']]
2023-02-07 00:02:602 INFO  WebDriverManager :1122 - Using chromedriver 109.0.5414.74 (resolved driver for Chrome 109)
2023-02-07 00:02:607 INFO  WebDriverManager :1177 - Exporting webdriver.chrome.driver as C:\Users\kuldi\.cache\selenium\chromedriver\win32\109.0.5414.74\chromedriver.exe
2023-02-07 00:02:762 INFO  LoginPage :35 - Enter your username[[ChromeDriver: chrome on WINDOWS (e9eaa6c44e3ca372e8cb2e66da1f6e4a)] -> name: username]
2023-02-07 00:02:867 INFO  LoginPage :40 - Enter your passwordadmin123
2023-02-07 00:02:882 INFO  LoginPage :43 - click on login button[[ChromeDriver: chrome on WINDOWS (e9eaa6c44e3ca372e8cb2e66da1f6e4a)] -> xpath: //button[@type='submit']]
2023-02-07 00:02:745 INFO  HomePage :52 - Click on admin tab[[ChromeDriver: chrome on WINDOWS (e9eaa6c44e3ca372e8cb2e66da1f6e4a)] -> xpath: //div[@class='oxd-sidepanel-body']/ul/li//a[@href='/web/index.php/admin/viewAdminModule']]
2023-02-07 00:02:795 INFO  HomePage :83 - getting text of [[ChromeDriver: chrome on WINDOWS (e9eaa6c44e3ca372e8cb2e66da1f6e4a)] -> xpath: //h5[text()='System Users']]
2023-02-07 00:02:212 INFO  HomePage :104 - getting text of Proxy element for: DefaultElementLocator 'By.xpath: //div[@class='oxd-form-row']/div/div[1]//input[@class='oxd-input oxd-input--active']'
2023-02-07 00:02:509 INFO  HomePage :148 - Click on search button [[ChromeDriver: chrome on WINDOWS (e9eaa6c44e3ca372e8cb2e66da1f6e4a)] -> xpath: //div[@class='oxd-form-actions']//button[@type='submit']]
2023-02-07 00:02:332 INFO  WebDriverManager :1122 - Using chromedriver 109.0.5414.74 (resolved driver for Chrome 109)
2023-02-07 00:02:354 INFO  WebDriverManager :1177 - Exporting webdriver.chrome.driver as C:\Users\kuldi\.cache\selenium\chromedriver\win32\109.0.5414.74\chromedriver.exe
2023-02-07 00:02:808 INFO  LoginPage :35 - Enter your username[[ChromeDriver: chrome on WINDOWS (55fe4f047772ff332843a6434594795e)] -> name: username]
2023-02-07 00:02:925 INFO  LoginPage :40 - Enter your passwordadmin123
2023-02-07 00:02:938 INFO  LoginPage :43 - click on login button[[ChromeDriver: chrome on WINDOWS (55fe4f047772ff332843a6434594795e)] -> xpath: //button[@type='submit']]
2023-02-07 00:02:803 INFO  HomePage :52 - Click on admin tab[[ChromeDriver: chrome on WINDOWS (55fe4f047772ff332843a6434594795e)] -> xpath: //div[@class='oxd-sidepanel-body']/ul/li//a[@href='/web/index.php/admin/viewAdminModule']]
2023-02-07 00:02:931 INFO  HomePage :52 - Click on admin tab[[ChromeDriver: chrome on WINDOWS (55fe4f047772ff332843a6434594795e)] -> xpath: //div[@class='oxd-sidepanel-body']/ul/li//a[@href='/web/index.php/admin/viewAdminModule']]
2023-02-07 00:02:955 INFO  HomePage :83 - getting text of [[ChromeDriver: chrome on WINDOWS (55fe4f047772ff332843a6434594795e)] -> xpath: //h5[text()='System Users']]
2023-02-07 00:02:362 INFO  HomePage :104 - getting text of Proxy element for: DefaultElementLocator 'By.xpath: //div[@class='oxd-form-row']/div/div[1]//input[@class='oxd-input oxd-input--active']'
2023-02-07 00:02:734 INFO  HomePage :148 - Click on search button [[ChromeDriver: chrome on WINDOWS (55fe4f047772ff332843a6434594795e)] -> xpath: //div[@class='oxd-form-actions']//button[@type='submit']]
2023-02-07 00:02:974 INFO  Utils :112 - [TestNG] Running:
  C:\Users\kuldi\AppData\Local\JetBrains\IdeaIC2022.3\temp-testng-customsuite.xml

2023-02-07 00:02:03 INFO  WebDriverManager :1122 - Using chromedriver 109.0.5414.74 (resolved driver for Chrome 109)
2023-02-07 00:02:48 INFO  WebDriverManager :1177 - Exporting webdriver.chrome.driver as C:\Users\kuldi\.cache\selenium\chromedriver\win32\109.0.5414.74\chromedriver.exe
2023-02-07 00:02:225 INFO  LoginPage :35 - Enter your username[[ChromeDriver: chrome on WINDOWS (1b1c0b4fed0e40e924478b0278513598)] -> name: username]
2023-02-07 00:02:362 INFO  LoginPage :40 - Enter your passwordadmin123
2023-02-07 00:02:392 INFO  LoginPage :43 - click on login button[[ChromeDriver: chrome on WINDOWS (1b1c0b4fed0e40e924478b0278513598)] -> xpath: //button[@type='submit']]
2023-02-07 00:02:240 INFO  HomePage :52 - Click on admin tab[[ChromeDriver: chrome on WINDOWS (1b1c0b4fed0e40e924478b0278513598)] -> xpath: //div[@class='oxd-sidepanel-body']/ul/li//a[@href='/web/index.php/admin/viewAdminModule']]
2023-02-07 00:02:294 INFO  HomePage :83 - getting text of [[ChromeDriver: chrome on WINDOWS (1b1c0b4fed0e40e924478b0278513598)] -> xpath: //h5[text()='System Users']]
2023-02-07 00:02:112 INFO  HomePage :158 - Click on add button Proxy element for: DefaultElementLocator 'By.xpath: //div[@class='orangehrm-header-container']//button[@type='button']'
2023-02-07 00:02:124 INFO  HomePage :98 - getting text of [[ChromeDriver: chrome on WINDOWS (1b1c0b4fed0e40e924478b0278513598)] -> xpath: //div[@class='orangehrm-card-container']//h6[text()='Add User']]
2023-02-07 00:02:767 INFO  Utils :112 - [TestNG] Running:
  C:\Users\kuldi\AppData\Local\JetBrains\IdeaIC2022.3\temp-testng-customsuite.xml

2023-02-07 00:02:841 INFO  WebDriverManager :1122 - Using chromedriver 109.0.5414.74 (resolved driver for Chrome 109)
2023-02-07 00:02:877 INFO  WebDriverManager :1177 - Exporting webdriver.chrome.driver as C:\Users\kuldi\.cache\selenium\chromedriver\win32\109.0.5414.74\chromedriver.exe
2023-02-07 00:02:132 INFO  LoginPage :35 - Enter your username[[ChromeDriver: chrome on WINDOWS (8af2f6de2a16011b23cae58c45753140)] -> name: username]
2023-02-07 00:02:282 INFO  LoginPage :40 - Enter your passwordadmin123
2023-02-07 00:02:302 INFO  LoginPage :43 - click on login button[[ChromeDriver: chrome on WINDOWS (8af2f6de2a16011b23cae58c45753140)] -> xpath: //button[@type='submit']]
2023-02-07 00:02:246 INFO  HomePage :52 - Click on admin tab[[ChromeDriver: chrome on WINDOWS (8af2f6de2a16011b23cae58c45753140)] -> xpath: //div[@class='oxd-sidepanel-body']/ul/li//a[@href='/web/index.php/admin/viewAdminModule']]
2023-02-07 00:02:298 INFO  HomePage :83 - getting text of [[ChromeDriver: chrome on WINDOWS (8af2f6de2a16011b23cae58c45753140)] -> xpath: //h5[text()='System Users']]
2023-02-07 00:02:262 INFO  HomePage :158 - Click on add button Proxy element for: DefaultElementLocator 'By.xpath: //div[@class='orangehrm-header-container']//button[@type='button']'
2023-02-07 00:02:272 INFO  HomePage :98 - getting text of [[ChromeDriver: chrome on WINDOWS (8af2f6de2a16011b23cae58c45753140)] -> xpath: //div[@class='orangehrm-card-container']//h6[text()='Add User']]
2023-02-07 00:02:70 INFO  Utils :112 - [TestNG] Running:
  C:\Users\kuldi\AppData\Local\JetBrains\IdeaIC2022.3\temp-testng-customsuite.xml

2023-02-07 00:02:84 INFO  WebDriverManager :1122 - Using chromedriver 109.0.5414.74 (resolved driver for Chrome 109)
2023-02-07 00:02:126 INFO  WebDriverManager :1177 - Exporting webdriver.chrome.driver as C:\Users\kuldi\.cache\selenium\chromedriver\win32\109.0.5414.74\chromedriver.exe
2023-02-07 00:02:491 INFO  LoginPage :35 - Enter your username[[ChromeDriver: chrome on WINDOWS (32f09c0dfd8217dc06c6fcd9e0423219)] -> name: username]
2023-02-07 00:02:643 INFO  LoginPage :40 - Enter your passwordadmin123
2023-02-07 00:02:673 INFO  LoginPage :43 - click on login button[[ChromeDriver: chrome on WINDOWS (32f09c0dfd8217dc06c6fcd9e0423219)] -> xpath: //button[@type='submit']]
2023-02-07 00:02:600 INFO  HomePage :52 - Click on admin tab[[ChromeDriver: chrome on WINDOWS (32f09c0dfd8217dc06c6fcd9e0423219)] -> xpath: //div[@class='oxd-sidepanel-body']/ul/li//a[@href='/web/index.php/admin/viewAdminModule']]
2023-02-07 00:02:652 INFO  HomePage :83 - getting text of [[ChromeDriver: chrome on WINDOWS (32f09c0dfd8217dc06c6fcd9e0423219)] -> xpath: //h5[text()='System Users']]
2023-02-07 00:02:312 INFO  HomePage :158 - Click on add button Proxy element for: DefaultElementLocator 'By.xpath: //div[@class='orangehrm-header-container']//button[@type='button']'
2023-02-07 00:02:323 INFO  HomePage :98 - getting text of [[ChromeDriver: chrome on WINDOWS (32f09c0dfd8217dc06c6fcd9e0423219)] -> xpath: //div[@class='orangehrm-card-container']//h6[text()='Add User']]
2023-02-07 00:02:841 INFO  Utils :112 - [TestNG] Running:
  C:\Users\kuldi\AppData\Local\JetBrains\IdeaIC2022.3\temp-testng-customsuite.xml

2023-02-07 00:02:372 INFO  WebDriverManager :1122 - Using chromedriver 109.0.5414.74 (resolved driver for Chrome 109)
2023-02-07 00:02:401 INFO  WebDriverManager :1177 - Exporting webdriver.chrome.driver as C:\Users\kuldi\.cache\selenium\chromedriver\win32\109.0.5414.74\chromedriver.exe
2023-02-07 00:02:102 INFO  LoginPage :35 - Enter your username[[ChromeDriver: chrome on WINDOWS (7f2edc2b9b454b222cde96ed3154b58a)] -> name: username]
2023-02-07 00:02:254 INFO  LoginPage :40 - Enter your passwordadmin123
2023-02-07 00:02:281 INFO  LoginPage :43 - click on login button[[ChromeDriver: chrome on WINDOWS (7f2edc2b9b454b222cde96ed3154b58a)] -> xpath: //button[@type='submit']]
2023-02-07 00:02:195 INFO  HomePage :52 - Click on admin tab[[ChromeDriver: chrome on WINDOWS (7f2edc2b9b454b222cde96ed3154b58a)] -> xpath: //div[@class='oxd-sidepanel-body']/ul/li//a[@href='/web/index.php/admin/viewAdminModule']]
2023-02-07 00:02:251 INFO  HomePage :83 - getting text of [[ChromeDriver: chrome on WINDOWS (7f2edc2b9b454b222cde96ed3154b58a)] -> xpath: //h5[text()='System Users']]
2023-02-07 00:02:125 INFO  HomePage :158 - Click on add button Proxy element for: DefaultElementLocator 'By.xpath: //div[@class='orangehrm-header-container']//button[@type='button']'
2023-02-07 00:02:143 INFO  HomePage :98 - getting text of [[ChromeDriver: chrome on WINDOWS (7f2edc2b9b454b222cde96ed3154b58a)] -> xpath: //div[@class='orangehrm-card-container']//h6[text()='Add User']]
2023-02-07 00:02:433 INFO  HomePage :60 - Enter usernameProxy element for: DefaultElementLocator 'By.xpath: //div[@class='oxd-form-row']/div/div[1]//input[@class='oxd-input oxd-input--active']'
2023-02-07 00:02:630 INFO  Utils :112 - [TestNG] Running:
  C:\Users\kuldi\AppData\Local\JetBrains\IdeaIC2022.3\temp-testng-customsuite.xml

2023-02-07 00:02:867 INFO  WebDriverManager :1122 - Using chromedriver 109.0.5414.74 (resolved driver for Chrome 109)
2023-02-07 00:02:912 INFO  WebDriverManager :1177 - Exporting webdriver.chrome.driver as C:\Users\kuldi\.cache\selenium\chromedriver\win32\109.0.5414.74\chromedriver.exe
2023-02-07 00:02:673 INFO  LoginPage :35 - Enter your username[[ChromeDriver: chrome on WINDOWS (be440344455c3e06cb2963a2eaa74748)] -> name: username]
2023-02-07 00:02:833 INFO  LoginPage :40 - Enter your passwordadmin123
2023-02-07 00:02:863 INFO  LoginPage :43 - click on login button[[ChromeDriver: chrome on WINDOWS (be440344455c3e06cb2963a2eaa74748)] -> xpath: //button[@type='submit']]
2023-02-07 00:02:888 INFO  HomePage :52 - Click on admin tab[[ChromeDriver: chrome on WINDOWS (be440344455c3e06cb2963a2eaa74748)] -> xpath: //div[@class='oxd-sidepanel-body']/ul/li//a[@href='/web/index.php/admin/viewAdminModule']]
2023-02-07 00:02:948 INFO  HomePage :83 - getting text of [[ChromeDriver: chrome on WINDOWS (be440344455c3e06cb2963a2eaa74748)] -> xpath: //h5[text()='System Users']]
2023-02-07 00:02:683 INFO  HomePage :158 - Click on add button Proxy element for: DefaultElementLocator 'By.xpath: //div[@class='orangehrm-header-container']//button[@type='button']'
2023-02-07 00:02:693 INFO  HomePage :98 - getting text of [[ChromeDriver: chrome on WINDOWS (be440344455c3e06cb2963a2eaa74748)] -> xpath: //div[@class='orangehrm-card-container']//h6[text()='Add User']]
2023-02-07 00:02:440 INFO  Utils :112 - [TestNG] Running:
  C:\Users\kuldi\AppData\Local\JetBrains\IdeaIC2022.3\temp-testng-customsuite.xml

2023-02-07 00:02:533 INFO  WebDriverManager :1122 - Using chromedriver 109.0.5414.74 (resolved driver for Chrome 109)
2023-02-07 00:02:577 INFO  WebDriverManager :1177 - Exporting webdriver.chrome.driver as C:\Users\kuldi\.cache\selenium\chromedriver\win32\109.0.5414.74\chromedriver.exe
2023-02-07 00:02:303 INFO  LoginPage :35 - Enter your username[[ChromeDriver: chrome on WINDOWS (a7b4feedba973d52cd51465fcd0915a9)] -> name: username]
2023-02-07 00:02:453 INFO  LoginPage :40 - Enter your passwordadmin123
2023-02-07 00:02:499 INFO  LoginPage :43 - click on login button[[ChromeDriver: chrome on WINDOWS (a7b4feedba973d52cd51465fcd0915a9)] -> xpath: //button[@type='submit']]
2023-02-07 00:02:912 INFO  HomePage :52 - Click on admin tab[[ChromeDriver: chrome on WINDOWS (a7b4feedba973d52cd51465fcd0915a9)] -> xpath: //div[@class='oxd-sidepanel-body']/ul/li//a[@href='/web/index.php/admin/viewAdminModule']]
2023-02-07 00:02:947 INFO  HomePage :83 - getting text of [[ChromeDriver: chrome on WINDOWS (a7b4feedba973d52cd51465fcd0915a9)] -> xpath: //h5[text()='System Users']]
2023-02-07 00:02:813 INFO  HomePage :158 - Click on add button Proxy element for: DefaultElementLocator 'By.xpath: //div[@class='orangehrm-header-container']//button[@type='button']'
2023-02-07 00:02:833 INFO  HomePage :98 - getting text of [[ChromeDriver: chrome on WINDOWS (a7b4feedba973d52cd51465fcd0915a9)] -> xpath: //div[@class='orangehrm-card-container']//h6[text()='Add User']]
2023-02-08 17:02:829 INFO  Utils :112 - [TestNG] Running:
  C:\Users\kuldi\AppData\Local\JetBrains\IdeaIC2022.3\temp-testng-customsuite.xml

2023-02-08 17:02:918 INFO  WebDriverManager :1122 - Using chromedriver 109.0.5414.74 (resolved driver for Chrome 109)
2023-02-08 17:02:965 INFO  WebDriverManager :1177 - Exporting webdriver.chrome.driver as C:\Users\kuldi\.cache\selenium\chromedriver\win32\109.0.5414.74\chromedriver.exe
2023-02-08 17:02:592 INFO  LoginPage :35 - Enter your username[[ChromeDriver: chrome on WINDOWS (c6a7bb448794a636e9c8543471ff08c5)] -> name: username]
2023-02-08 17:02:742 INFO  LoginPage :40 - Enter your passwordadmin123
2023-02-08 17:02:766 INFO  LoginPage :43 - click on login button[[ChromeDriver: chrome on WINDOWS (c6a7bb448794a636e9c8543471ff08c5)] -> xpath: //button[@type='submit']]
2023-02-08 17:02:606 INFO  HomePage :52 - Click on admin tab[[ChromeDriver: chrome on WINDOWS (c6a7bb448794a636e9c8543471ff08c5)] -> xpath: //div[@class='oxd-sidepanel-body']/ul/li//a[@href='/web/index.php/admin/viewAdminModule']]
2023-02-08 17:02:649 INFO  HomePage :83 - getting text of [[ChromeDriver: chrome on WINDOWS (c6a7bb448794a636e9c8543471ff08c5)] -> xpath: //h5[text()='System Users']]
2023-02-08 17:02:312 INFO  HomePage :158 - Click on add button Proxy element for: DefaultElementLocator 'By.xpath: //div[@class='orangehrm-header-container']//button[@type='button']'
2023-02-08 17:02:334 INFO  HomePage :98 - getting text of [[ChromeDriver: chrome on WINDOWS (c6a7bb448794a636e9c8543471ff08c5)] -> xpath: //div[@class='orangehrm-card-container']//h6[text()='Add User']]
2023-02-08 17:02:491 INFO  Utils :112 - [TestNG] Running:
  C:\Users\kuldi\AppData\Local\JetBrains\IdeaIC2022.3\temp-testng-customsuite.xml

2023-02-08 17:02:598 INFO  WebDriverManager :1122 - Using chromedriver 109.0.5414.74 (resolved driver for Chrome 109)
2023-02-08 17:02:650 INFO  WebDriverManager :1177 - Exporting webdriver.chrome.driver as C:\Users\kuldi\.cache\selenium\chromedriver\win32\109.0.5414.74\chromedriver.exe
2023-02-08 17:02:794 INFO  LoginPage :35 - Enter your username[[ChromeDriver: chrome on WINDOWS (af5eff69f0806e27c71a14835e02047c)] -> name: username]
2023-02-08 17:02:893 INFO  LoginPage :40 - Enter your passwordadmin123
2023-02-08 17:02:917 INFO  LoginPage :43 - click on login button[[ChromeDriver: chrome on WINDOWS (af5eff69f0806e27c71a14835e02047c)] -> xpath: //button[@type='submit']]
2023-02-08 17:02:436 INFO  HomePage :52 - Click on admin tab[[ChromeDriver: chrome on WINDOWS (af5eff69f0806e27c71a14835e02047c)] -> xpath: //div[@class='oxd-sidepanel-body']/ul/li//a[@href='/web/index.php/admin/viewAdminModule']]
2023-02-08 17:02:457 INFO  HomePage :83 - getting text of [[ChromeDriver: chrome on WINDOWS (af5eff69f0806e27c71a14835e02047c)] -> xpath: //h5[text()='System Users']]
2023-02-08 17:02:93 INFO  HomePage :158 - Click on add button Proxy element for: DefaultElementLocator 'By.xpath: //div[@class='orangehrm-header-container']//button[@type='button']'
2023-02-08 17:02:123 INFO  HomePage :98 - getting text of [[ChromeDriver: chrome on WINDOWS (af5eff69f0806e27c71a14835e02047c)] -> xpath: //div[@class='orangehrm-card-container']//h6[text()='Add User']]
2023-02-08 17:02:230 INFO  Utils :112 - [TestNG] Running:
  C:\Users\kuldi\AppData\Local\JetBrains\IdeaIC2022.3\temp-testng-customsuite.xml

2023-02-08 17:02:582 INFO  WebDriverManager :1122 - Using chromedriver 109.0.5414.74 (resolved driver for Chrome 109)
2023-02-08 17:02:631 INFO  WebDriverManager :1177 - Exporting webdriver.chrome.driver as C:\Users\kuldi\.cache\selenium\chromedriver\win32\109.0.5414.74\chromedriver.exe
2023-02-08 17:02:708 INFO  LoginPage :35 - Enter your username[[ChromeDriver: chrome on WINDOWS (0da3f82fe52da3bd2fd74fbb91b95f17)] -> name: username]
2023-02-08 17:02:975 INFO  LoginPage :40 - Enter your passwordadmin123
2023-02-08 17:02:06 INFO  LoginPage :43 - click on login button[[ChromeDriver: chrome on WINDOWS (0da3f82fe52da3bd2fd74fbb91b95f17)] -> xpath: //button[@type='submit']]
2023-02-08 17:02:206 INFO  HomePage :52 - Click on admin tab[[ChromeDriver: chrome on WINDOWS (0da3f82fe52da3bd2fd74fbb91b95f17)] -> xpath: //div[@class='oxd-sidepanel-body']/ul/li//a[@href='/web/index.php/admin/viewAdminModule']]
2023-02-08 17:02:267 INFO  HomePage :83 - getting text of [[ChromeDriver: chrome on WINDOWS (0da3f82fe52da3bd2fd74fbb91b95f17)] -> xpath: //h5[text()='System Users']]
2023-02-08 17:02:98 INFO  HomePage :158 - Click on add button Proxy element for: DefaultElementLocator 'By.xpath: //div[@class='orangehrm-header-container']//button[@type='button']'
2023-02-08 17:02:113 INFO  HomePage :98 - getting text of [[ChromeDriver: chrome on WINDOWS (0da3f82fe52da3bd2fd74fbb91b95f17)] -> xpath: //div[@class='orangehrm-card-container']//h6[text()='Add User']]
2023-02-08 17:02:828 INFO  Utils :112 - [TestNG] Running:
  C:\Users\kuldi\AppData\Local\JetBrains\IdeaIC2022.3\temp-testng-customsuite.xml

2023-02-08 17:02:859 INFO  WebDriverManager :1122 - Using chromedriver 109.0.5414.74 (resolved driver for Chrome 109)
2023-02-08 17:02:901 INFO  WebDriverManager :1177 - Exporting webdriver.chrome.driver as C:\Users\kuldi\.cache\selenium\chromedriver\win32\109.0.5414.74\chromedriver.exe
2023-02-08 17:02:604 INFO  LoginPage :35 - Enter your username[[ChromeDriver: chrome on WINDOWS (cdeb03486daad43fbaaa74befa1a41f6)] -> name: username]
2023-02-08 17:02:764 INFO  LoginPage :40 - Enter your passwordadmin123
2023-02-08 17:02:793 INFO  LoginPage :43 - click on login button[[ChromeDriver: chrome on WINDOWS (cdeb03486daad43fbaaa74befa1a41f6)] -> xpath: //button[@type='submit']]
2023-02-08 17:02:657 INFO  HomePage :52 - Click on admin tab[[ChromeDriver: chrome on WINDOWS (cdeb03486daad43fbaaa74befa1a41f6)] -> xpath: //div[@class='oxd-sidepanel-body']/ul/li//a[@href='/web/index.php/admin/viewAdminModule']]
2023-02-08 17:02:707 INFO  HomePage :83 - getting text of [[ChromeDriver: chrome on WINDOWS (cdeb03486daad43fbaaa74befa1a41f6)] -> xpath: //h5[text()='System Users']]
2023-02-08 17:02:354 INFO  HomePage :158 - Click on add button Proxy element for: DefaultElementLocator 'By.xpath: //div[@class='orangehrm-header-container']//button[@type='button']'
2023-02-08 17:02:373 INFO  HomePage :98 - getting text of [[ChromeDriver: chrome on WINDOWS (cdeb03486daad43fbaaa74befa1a41f6)] -> xpath: //div[@class='orangehrm-card-container']//h6[text()='Add User']]
2023-02-08 17:02:482 INFO  Utils :112 - [TestNG] Running:
  C:\Users\kuldi\AppData\Local\JetBrains\IdeaIC2022.3\temp-testng-customsuite.xml

2023-02-08 17:02:573 INFO  WebDriverManager :1122 - Using chromedriver 109.0.5414.74 (resolved driver for Chrome 109)
2023-02-08 17:02:623 INFO  WebDriverManager :1177 - Exporting webdriver.chrome.driver as C:\Users\kuldi\.cache\selenium\chromedriver\win32\109.0.5414.74\chromedriver.exe
2023-02-08 17:02:111 INFO  LoginPage :35 - Enter your username[[ChromeDriver: chrome on WINDOWS (128872ff4c2e2e509d67833091be8748)] -> name: username]
2023-02-08 17:02:275 INFO  LoginPage :40 - Enter your passwordadmin123
2023-02-08 17:02:301 INFO  LoginPage :43 - click on login button[[ChromeDriver: chrome on WINDOWS (128872ff4c2e2e509d67833091be8748)] -> xpath: //button[@type='submit']]
2023-02-08 17:02:243 INFO  HomePage :52 - Click on admin tab[[ChromeDriver: chrome on WINDOWS (128872ff4c2e2e509d67833091be8748)] -> xpath: //div[@class='oxd-sidepanel-body']/ul/li//a[@href='/web/index.php/admin/viewAdminModule']]
2023-02-08 17:02:270 INFO  HomePage :83 - getting text of [[ChromeDriver: chrome on WINDOWS (128872ff4c2e2e509d67833091be8748)] -> xpath: //h5[text()='System Users']]
2023-02-08 17:02:876 INFO  HomePage :158 - Click on add button Proxy element for: DefaultElementLocator 'By.xpath: //div[@class='orangehrm-header-container']//button[@type='button']'
2023-02-08 17:02:900 INFO  HomePage :98 - getting text of [[ChromeDriver: chrome on WINDOWS (128872ff4c2e2e509d67833091be8748)] -> xpath: //div[@class='orangehrm-card-container']//h6[text()='Add User']]
2023-02-08 17:02:991 INFO  Utils :112 - [TestNG] Running:
  C:\Users\kuldi\AppData\Local\JetBrains\IdeaIC2022.3\temp-testng-customsuite.xml

2023-02-08 17:02:147 INFO  WebDriverManager :1122 - Using chromedriver 109.0.5414.74 (resolved driver for Chrome 109)
2023-02-08 17:02:201 INFO  WebDriverManager :1177 - Exporting webdriver.chrome.driver as C:\Users\kuldi\.cache\selenium\chromedriver\win32\109.0.5414.74\chromedriver.exe
2023-02-08 17:02:864 INFO  LoginPage :35 - Enter your username[[ChromeDriver: chrome on WINDOWS (ce732b7acb26f4a06841fd92caf45f49)] -> name: username]
2023-02-08 17:02:14 INFO  LoginPage :40 - Enter your passwordadmin123
2023-02-08 17:02:39 INFO  LoginPage :43 - click on login button[[ChromeDriver: chrome on WINDOWS (ce732b7acb26f4a06841fd92caf45f49)] -> xpath: //button[@type='submit']]
2023-02-08 17:02:889 INFO  HomePage :52 - Click on admin tab[[ChromeDriver: chrome on WINDOWS (ce732b7acb26f4a06841fd92caf45f49)] -> xpath: //div[@class='oxd-sidepanel-body']/ul/li//a[@href='/web/index.php/admin/viewAdminModule']]
2023-02-08 17:02:945 INFO  HomePage :83 - getting text of [[ChromeDriver: chrome on WINDOWS (ce732b7acb26f4a06841fd92caf45f49)] -> xpath: //h5[text()='System Users']]
2023-02-08 17:02:211 INFO  HomePage :158 - Click on add button Proxy element for: DefaultElementLocator 'By.xpath: //div[@class='orangehrm-header-container']//button[@type='button']'
2023-02-08 17:02:224 INFO  HomePage :98 - getting text of [[ChromeDriver: chrome on WINDOWS (ce732b7acb26f4a06841fd92caf45f49)] -> xpath: //div[@class='orangehrm-card-container']//h6[text()='Add User']]
2023-02-08 17:02:857 INFO  Utils :112 - [TestNG] Running:
  C:\Users\kuldi\AppData\Local\JetBrains\IdeaIC2022.3\temp-testng-customsuite.xml

2023-02-08 17:02:995 INFO  WebDriverManager :1122 - Using chromedriver 109.0.5414.74 (resolved driver for Chrome 109)
2023-02-08 17:02:42 INFO  WebDriverManager :1177 - Exporting webdriver.chrome.driver as C:\Users\kuldi\.cache\selenium\chromedriver\win32\109.0.5414.74\chromedriver.exe
2023-02-08 17:02:914 INFO  LoginPage :35 - Enter your username[[ChromeDriver: chrome on WINDOWS (c3b97136d9113509d181f5237e267c51)] -> name: username]
2023-02-08 17:02:64 INFO  LoginPage :40 - Enter your passwordadmin123
2023-02-08 17:02:84 INFO  LoginPage :43 - click on login button[[ChromeDriver: chrome on WINDOWS (c3b97136d9113509d181f5237e267c51)] -> xpath: //button[@type='submit']]
2023-02-08 17:02:977 INFO  HomePage :52 - Click on admin tab[[ChromeDriver: chrome on WINDOWS (c3b97136d9113509d181f5237e267c51)] -> xpath: //div[@class='oxd-sidepanel-body']/ul/li//a[@href='/web/index.php/admin/viewAdminModule']]
2023-02-08 17:02:22 INFO  HomePage :83 - getting text of [[ChromeDriver: chrome on WINDOWS (c3b97136d9113509d181f5237e267c51)] -> xpath: //h5[text()='System Users']]
2023-02-08 17:02:706 INFO  HomePage :158 - Click on add button Proxy element for: DefaultElementLocator 'By.xpath: //div[@class='orangehrm-header-container']//button[@type='button']'
2023-02-08 17:02:724 INFO  HomePage :98 - getting text of [[ChromeDriver: chrome on WINDOWS (c3b97136d9113509d181f5237e267c51)] -> xpath: //div[@class='orangehrm-card-container']//h6[text()='Add User']]
2023-02-08 17:02:44 INFO  HomePage :60 - Enter usernameProxy element for: DefaultElementLocator 'By.xpath: //div[@class='oxd-form-row']/div/div[1]//input[@class='oxd-input oxd-input--active']'
2023-02-08 17:02:171 INFO  Utils :112 - [TestNG] Running:
  C:\Users\kuldi\AppData\Local\JetBrains\IdeaIC2022.3\temp-testng-customsuite.xml

2023-02-08 17:02:229 INFO  WebDriverManager :1122 - Using chromedriver 109.0.5414.74 (resolved driver for Chrome 109)
2023-02-08 17:02:274 INFO  WebDriverManager :1177 - Exporting webdriver.chrome.driver as C:\Users\kuldi\.cache\selenium\chromedriver\win32\109.0.5414.74\chromedriver.exe
2023-02-08 17:02:225 INFO  LoginPage :35 - Enter your username[[ChromeDriver: chrome on WINDOWS (34593d3a315f0f98667fff3c6fea082a)] -> name: username]
2023-02-08 17:02:385 INFO  LoginPage :40 - Enter your passwordadmin123
2023-02-08 17:02:415 INFO  LoginPage :43 - click on login button[[ChromeDriver: chrome on WINDOWS (34593d3a315f0f98667fff3c6fea082a)] -> xpath: //button[@type='submit']]
2023-02-08 17:02:375 INFO  HomePage :52 - Click on admin tab[[ChromeDriver: chrome on WINDOWS (34593d3a315f0f98667fff3c6fea082a)] -> xpath: //div[@class='oxd-sidepanel-body']/ul/li//a[@href='/web/index.php/admin/viewAdminModule']]
2023-02-08 17:02:413 INFO  HomePage :83 - getting text of [[ChromeDriver: chrome on WINDOWS (34593d3a315f0f98667fff3c6fea082a)] -> xpath: //h5[text()='System Users']]
2023-02-08 17:02:115 INFO  HomePage :158 - Click on add button Proxy element for: DefaultElementLocator 'By.xpath: //div[@class='orangehrm-header-container']//button[@type='button']'
2023-02-08 17:02:129 INFO  HomePage :98 - getting text of [[ChromeDriver: chrome on WINDOWS (34593d3a315f0f98667fff3c6fea082a)] -> xpath: //div[@class='orangehrm-card-container']//h6[text()='Add User']]
2023-02-08 17:02:433 INFO  Utils :112 - [TestNG] Running:
  C:\Users\kuldi\AppData\Local\JetBrains\IdeaIC2022.3\temp-testng-customsuite.xml

2023-02-08 17:02:521 INFO  WebDriverManager :1122 - Using chromedriver 109.0.5414.74 (resolved driver for Chrome 109)
2023-02-08 17:02:565 INFO  WebDriverManager :1177 - Exporting webdriver.chrome.driver as C:\Users\kuldi\.cache\selenium\chromedriver\win32\109.0.5414.74\chromedriver.exe
2023-02-08 17:02:985 INFO  LoginPage :35 - Enter your username[[ChromeDriver: chrome on WINDOWS (c3ae2fe4227716399e714a7f604f6ccd)] -> name: username]
2023-02-08 17:02:135 INFO  LoginPage :40 - Enter your passwordadmin123
2023-02-08 17:02:155 INFO  LoginPage :43 - click on login button[[ChromeDriver: chrome on WINDOWS (c3ae2fe4227716399e714a7f604f6ccd)] -> xpath: //button[@type='submit']]
2023-02-08 17:02:240 INFO  HomePage :52 - Click on admin tab[[ChromeDriver: chrome on WINDOWS (c3ae2fe4227716399e714a7f604f6ccd)] -> xpath: //div[@class='oxd-sidepanel-body']/ul/li//a[@href='/web/index.php/admin/viewAdminModule']]
2023-02-08 17:02:284 INFO  HomePage :83 - getting text of [[ChromeDriver: chrome on WINDOWS (c3ae2fe4227716399e714a7f604f6ccd)] -> xpath: //h5[text()='System Users']]
2023-02-08 17:02:825 INFO  HomePage :158 - Click on add button Proxy element for: DefaultElementLocator 'By.xpath: //div[@class='orangehrm-header-container']//button[@type='button']'
2023-02-08 17:02:855 INFO  HomePage :98 - getting text of [[ChromeDriver: chrome on WINDOWS (c3ae2fe4227716399e714a7f604f6ccd)] -> xpath: //div[@class='orangehrm-card-container']//h6[text()='Add User']]
2023-02-08 17:02:09 INFO  Utils :112 - [TestNG] Running:
  C:\Users\kuldi\AppData\Local\JetBrains\IdeaIC2022.3\temp-testng-customsuite.xml

2023-02-08 17:02:93 INFO  WebDriverManager :1122 - Using chromedriver 109.0.5414.74 (resolved driver for Chrome 109)
2023-02-08 17:02:139 INFO  WebDriverManager :1177 - Exporting webdriver.chrome.driver as C:\Users\kuldi\.cache\selenium\chromedriver\win32\109.0.5414.74\chromedriver.exe
2023-02-08 17:02:705 INFO  LoginPage :35 - Enter your username[[ChromeDriver: chrome on WINDOWS (9310797ed18faed1eb9ff11d2a09fa6d)] -> name: username]
2023-02-08 17:02:816 INFO  LoginPage :40 - Enter your passwordadmin123
2023-02-08 17:02:836 INFO  LoginPage :43 - click on login button[[ChromeDriver: chrome on WINDOWS (9310797ed18faed1eb9ff11d2a09fa6d)] -> xpath: //button[@type='submit']]
2023-02-08 17:02:731 INFO  HomePage :52 - Click on admin tab[[ChromeDriver: chrome on WINDOWS (9310797ed18faed1eb9ff11d2a09fa6d)] -> xpath: //div[@class='oxd-sidepanel-body']/ul/li//a[@href='/web/index.php/admin/viewAdminModule']]
2023-02-08 17:02:768 INFO  HomePage :83 - getting text of [[ChromeDriver: chrome on WINDOWS (9310797ed18faed1eb9ff11d2a09fa6d)] -> xpath: //h5[text()='System Users']]
2023-02-08 17:02:520 INFO  HomePage :158 - Click on add button Proxy element for: DefaultElementLocator 'By.xpath: //div[@class='orangehrm-header-container']//button[@type='button']'
2023-02-08 17:02:548 INFO  HomePage :98 - getting text of [[ChromeDriver: chrome on WINDOWS (9310797ed18faed1eb9ff11d2a09fa6d)] -> xpath: //div[@class='orangehrm-card-container']//h6[text()='Add User']]
2023-02-08 17:02:180 INFO  Utils :112 - [TestNG] Running:
  C:\Users\kuldi\AppData\Local\JetBrains\IdeaIC2022.3\temp-testng-customsuite.xml

2023-02-08 17:02:191 INFO  WebDriverManager :1122 - Using chromedriver 109.0.5414.74 (resolved driver for Chrome 109)
2023-02-08 17:02:234 INFO  WebDriverManager :1177 - Exporting webdriver.chrome.driver as C:\Users\kuldi\.cache\selenium\chromedriver\win32\109.0.5414.74\chromedriver.exe
2023-02-08 17:02:86 INFO  LoginPage :35 - Enter your username[[ChromeDriver: chrome on WINDOWS (43dc7fb360210a8f8b53fd883a6d6934)] -> name: username]
2023-02-08 17:02:176 INFO  LoginPage :40 - Enter your passwordadmin123
2023-02-08 17:02:196 INFO  LoginPage :43 - click on login button[[ChromeDriver: chrome on WINDOWS (43dc7fb360210a8f8b53fd883a6d6934)] -> xpath: //button[@type='submit']]
2023-02-08 17:02:96 INFO  HomePage :52 - Click on admin tab[[ChromeDriver: chrome on WINDOWS (43dc7fb360210a8f8b53fd883a6d6934)] -> xpath: //div[@class='oxd-sidepanel-body']/ul/li//a[@href='/web/index.php/admin/viewAdminModule']]
2023-02-08 17:02:115 INFO  HomePage :83 - getting text of [[ChromeDriver: chrome on WINDOWS (43dc7fb360210a8f8b53fd883a6d6934)] -> xpath: //h5[text()='System Users']]
2023-02-08 17:02:577 INFO  HomePage :158 - Click on add button Proxy element for: DefaultElementLocator 'By.xpath: //div[@class='orangehrm-header-container']//button[@type='button']'
2023-02-08 17:02:595 INFO  HomePage :98 - getting text of [[ChromeDriver: chrome on WINDOWS (43dc7fb360210a8f8b53fd883a6d6934)] -> xpath: //div[@class='orangehrm-card-container']//h6[text()='Add User']]
2023-02-08 18:02:390 INFO  Utils :112 - [TestNG] Running:
  C:\Users\kuldi\AppData\Local\JetBrains\IdeaIC2022.3\temp-testng-customsuite.xml

2023-02-08 18:02:527 INFO  WebDriverManager :1122 - Using chromedriver 109.0.5414.74 (resolved driver for Chrome 109)
2023-02-08 18:02:581 INFO  WebDriverManager :1177 - Exporting webdriver.chrome.driver as C:\Users\kuldi\.cache\selenium\chromedriver\win32\109.0.5414.74\chromedriver.exe
2023-02-08 18:02:569 INFO  LoginPage :35 - Enter your username[[ChromeDriver: chrome on WINDOWS (902df0d96672fb2cc852c079b35b6e12)] -> name: username]
2023-02-08 18:02:834 INFO  LoginPage :40 - Enter your passwordadmin123
2023-02-08 18:02:866 INFO  LoginPage :43 - click on login button[[ChromeDriver: chrome on WINDOWS (902df0d96672fb2cc852c079b35b6e12)] -> xpath: //button[@type='submit']]
2023-02-08 18:02:261 INFO  HomePage :52 - Click on admin tab[[ChromeDriver: chrome on WINDOWS (902df0d96672fb2cc852c079b35b6e12)] -> xpath: //div[@class='oxd-sidepanel-body']/ul/li//a[@href='/web/index.php/admin/viewAdminModule']]
2023-02-08 18:02:496 INFO  HomePage :52 - Click on admin tab[[ChromeDriver: chrome on WINDOWS (902df0d96672fb2cc852c079b35b6e12)] -> xpath: //div[@class='oxd-sidepanel-body']/ul/li//a[@href='/web/index.php/admin/viewAdminModule']]
2023-02-08 18:02:559 INFO  HomePage :83 - getting text of [[ChromeDriver: chrome on WINDOWS (902df0d96672fb2cc852c079b35b6e12)] -> xpath: //h5[text()='System Users']]
2023-02-08 18:02:108 INFO  HomePage :104 - getting text of Proxy element for: DefaultElementLocator 'By.xpath: //div[@class='oxd-form-row']/div/div[1]//input[@class='oxd-input oxd-input--active']'
2023-02-08 18:02:854 INFO  HomePage :148 - Click on search button [[ChromeDriver: chrome on WINDOWS (902df0d96672fb2cc852c079b35b6e12)] -> xpath: //div[@class='oxd-form-actions']//button[@type='submit']]
2023-02-08 18:02:183 INFO  Utils :112 - [TestNG] Running:
  C:\Users\kuldi\AppData\Local\JetBrains\IdeaIC2022.3\temp-testng-customsuite.xml

2023-02-08 18:02:975 INFO  WebDriverManager :1122 - Using chromedriver 109.0.5414.74 (resolved driver for Chrome 109)
2023-02-08 18:02:15 INFO  WebDriverManager :1177 - Exporting webdriver.chrome.driver as C:\Users\kuldi\.cache\selenium\chromedriver\win32\109.0.5414.74\chromedriver.exe
2023-02-08 18:02:566 INFO  LoginPage :35 - Enter your username[[ChromeDriver: chrome on WINDOWS (a6cc9ec7cf2216461987c77519b17d31)] -> name: username]
2023-02-08 18:02:736 INFO  LoginPage :40 - Enter your passwordadmin123
2023-02-08 18:02:767 INFO  LoginPage :43 - click on login button[[ChromeDriver: chrome on WINDOWS (a6cc9ec7cf2216461987c77519b17d31)] -> xpath: //button[@type='submit']]
2023-02-08 18:02:288 INFO  HomePage :52 - Click on admin tab[[ChromeDriver: chrome on WINDOWS (a6cc9ec7cf2216461987c77519b17d31)] -> xpath: //div[@class='oxd-sidepanel-body']/ul/li//a[@href='/web/index.php/admin/viewAdminModule']]
2023-02-08 18:02:404 INFO  HomePage :52 - Click on admin tab[[ChromeDriver: chrome on WINDOWS (a6cc9ec7cf2216461987c77519b17d31)] -> xpath: //div[@class='oxd-sidepanel-body']/ul/li//a[@href='/web/index.php/admin/viewAdminModule']]
2023-02-08 18:02:464 INFO  HomePage :83 - getting text of [[ChromeDriver: chrome on WINDOWS (a6cc9ec7cf2216461987c77519b17d31)] -> xpath: //h5[text()='System Users']]
2023-02-08 18:02:927 INFO  HomePage :104 - getting text of Proxy element for: DefaultElementLocator 'By.xpath: //div[@class='oxd-form-row']/div/div[1]//input[@class='oxd-input oxd-input--active']'
2023-02-08 18:02:343 INFO  HomePage :148 - Click on search button [[ChromeDriver: chrome on WINDOWS (a6cc9ec7cf2216461987c77519b17d31)] -> xpath: //div[@class='oxd-form-actions']//button[@type='submit']]
2023-02-08 18:02:707 INFO  HomePage :114 - Click on the checkbox.Proxy element for: DefaultElementLocator 'By.xpath: //div[@class='oxd-table-body']/div[1]/div/div//div/label//span[@class='oxd-checkbox-input oxd-checkbox-input--active --label-right oxd-checkbox-input']'
2023-02-08 18:02:812 INFO  HomePage :143 - delete user[[ChromeDriver: chrome on WINDOWS (a6cc9ec7cf2216461987c77519b17d31)] -> xpath: //div[@class='orangehrm-horizontal-padding orangehrm-vertical-padding']/div/button//i[@class='oxd-icon bi-trash-fill oxd-button-icon']]
2023-02-08 18:02:887 INFO  HomePage :109 - this will delete Proxy element for: DefaultElementLocator 'By.xpath: //div[@class='orangehrm-modal-footer']/button[2]//i[@class='oxd-icon bi-trash oxd-button-icon']'
2023-02-08 18:02:908 INFO  HomePage :93 - getting text of [[ChromeDriver: chrome on WINDOWS (a6cc9ec7cf2216461987c77519b17d31)] -> xpath: //div[@class='orangehrm-horizontal-padding orangehrm-vertical-padding']/span[text()='No Records Found']]
2023-02-08 18:02:846 INFO  Utils :112 - [TestNG] Running:
  C:\Users\kuldi\AppData\Local\JetBrains\IdeaIC2022.3\temp-testng-customsuite.xml

2023-02-08 18:02:743 INFO  WebDriverManager :1122 - Using chromedriver 109.0.5414.74 (resolved driver for Chrome 109)
2023-02-08 18:02:814 INFO  WebDriverManager :1177 - Exporting webdriver.chrome.driver as C:\Users\kuldi\.cache\selenium\chromedriver\win32\109.0.5414.74\chromedriver.exe
2023-02-08 18:02:632 INFO  LoginPage :35 - Enter your username[[ChromeDriver: chrome on WINDOWS (2fdd5a1210e6a0ce53d1bf28cdd9b8ce)] -> name: username]
2023-02-08 18:02:812 INFO  LoginPage :40 - Enter your passwordadmin123
2023-02-08 18:02:837 INFO  LoginPage :43 - click on login button[[ChromeDriver: chrome on WINDOWS (2fdd5a1210e6a0ce53d1bf28cdd9b8ce)] -> xpath: //button[@type='submit']]
2023-02-08 18:02:944 INFO  HomePage :52 - Click on admin tab[[ChromeDriver: chrome on WINDOWS (2fdd5a1210e6a0ce53d1bf28cdd9b8ce)] -> xpath: //div[@class='oxd-sidepanel-body']/ul/li//a[@href='/web/index.php/admin/viewAdminModule']]
2023-02-08 18:02:06 INFO  HomePage :83 - getting text of [[ChromeDriver: chrome on WINDOWS (2fdd5a1210e6a0ce53d1bf28cdd9b8ce)] -> xpath: //h5[text()='System Users']]
2023-02-08 18:02:508 INFO  HomePage :158 - Click on add button Proxy element for: DefaultElementLocator 'By.xpath: //div[@class='orangehrm-header-container']//button[@type='button']'
2023-02-08 18:02:538 INFO  HomePage :98 - getting text of [[ChromeDriver: chrome on WINDOWS (2fdd5a1210e6a0ce53d1bf28cdd9b8ce)] -> xpath: //div[@class='orangehrm-card-container']//h6[text()='Add User']]
2023-02-08 18:02:914 INFO  Utils :112 - [TestNG] Running:
  C:\Users\kuldi\AppData\Local\JetBrains\IdeaIC2022.3\temp-testng-customsuite.xml

2023-02-08 18:02:284 INFO  WebDriverManager :1122 - Using chromedriver 109.0.5414.74 (resolved driver for Chrome 109)
2023-02-08 18:02:374 INFO  WebDriverManager :1177 - Exporting webdriver.chrome.driver as C:\Users\kuldi\.cache\selenium\chromedriver\win32\109.0.5414.74\chromedriver.exe
2023-02-08 18:02:847 INFO  LoginPage :35 - Enter your username[[ChromeDriver: chrome on WINDOWS (bc8423ea46f4f01e02d033e8e8d168ca)] -> name: username]
2023-02-08 18:02:27 INFO  LoginPage :40 - Enter your passwordadmin123
2023-02-08 18:02:68 INFO  LoginPage :43 - click on login button[[ChromeDriver: chrome on WINDOWS (bc8423ea46f4f01e02d033e8e8d168ca)] -> xpath: //button[@type='submit']]
2023-02-08 18:02:803 INFO  HomePage :52 - Click on admin tab[[ChromeDriver: chrome on WINDOWS (bc8423ea46f4f01e02d033e8e8d168ca)] -> xpath: //div[@class='oxd-sidepanel-body']/ul/li//a[@href='/web/index.php/admin/viewAdminModule']]
2023-02-08 18:02:853 INFO  HomePage :83 - getting text of [[ChromeDriver: chrome on WINDOWS (bc8423ea46f4f01e02d033e8e8d168ca)] -> xpath: //h5[text()='System Users']]
2023-02-08 18:02:627 INFO  HomePage :158 - Click on add button Proxy element for: DefaultElementLocator 'By.xpath: //div[@class='orangehrm-header-container']//button[@type='button']'
2023-02-08 18:02:658 INFO  HomePage :98 - getting text of [[ChromeDriver: chrome on WINDOWS (bc8423ea46f4f01e02d033e8e8d168ca)] -> xpath: //div[@class='orangehrm-card-container']//h6[text()='Add User']]
2023-02-08 18:02:319 INFO  Utils :112 - [TestNG] Running:
  C:\Users\kuldi\AppData\Local\JetBrains\IdeaIC2022.3\temp-testng-customsuite.xml

2023-02-08 18:02:582 INFO  WebDriverManager :1122 - Using chromedriver 109.0.5414.74 (resolved driver for Chrome 109)
2023-02-08 18:02:632 INFO  WebDriverManager :1177 - Exporting webdriver.chrome.driver as C:\Users\kuldi\.cache\selenium\chromedriver\win32\109.0.5414.74\chromedriver.exe
2023-02-08 18:02:663 INFO  LoginPage :35 - Enter your username[[ChromeDriver: chrome on WINDOWS (74646faeb3a20787a7fadafb6d372bed)] -> name: username]
2023-02-08 18:02:43 INFO  LoginPage :40 - Enter your passwordadmin123
2023-02-08 18:02:83 INFO  LoginPage :43 - click on login button[[ChromeDriver: chrome on WINDOWS (74646faeb3a20787a7fadafb6d372bed)] -> xpath: //button[@type='submit']]
2023-02-08 18:02:89 INFO  HomePage :52 - Click on admin tab[[ChromeDriver: chrome on WINDOWS (74646faeb3a20787a7fadafb6d372bed)] -> xpath: //div[@class='oxd-sidepanel-body']/ul/li//a[@href='/web/index.php/admin/viewAdminModule']]
2023-02-08 18:02:118 INFO  HomePage :83 - getting text of [[ChromeDriver: chrome on WINDOWS (74646faeb3a20787a7fadafb6d372bed)] -> xpath: //h5[text()='System Users']]
2023-02-08 18:02:23 INFO  HomePage :158 - Click on add button Proxy element for: DefaultElementLocator 'By.xpath: //div[@class='orangehrm-header-container']//button[@type='button']'
2023-02-08 18:02:73 INFO  HomePage :98 - getting text of [[ChromeDriver: chrome on WINDOWS (74646faeb3a20787a7fadafb6d372bed)] -> xpath: //div[@class='orangehrm-card-container']//h6[text()='Add User']]
2023-02-08 18:02:806 INFO  Utils :112 - [TestNG] Running:
  C:\Users\kuldi\AppData\Local\JetBrains\IdeaIC2022.3\temp-testng-customsuite.xml

2023-02-08 18:02:136 INFO  WebDriverManager :1122 - Using chromedriver 109.0.5414.74 (resolved driver for Chrome 109)
2023-02-08 18:02:196 INFO  WebDriverManager :1177 - Exporting webdriver.chrome.driver as C:\Users\kuldi\.cache\selenium\chromedriver\win32\109.0.5414.74\chromedriver.exe
2023-02-08 18:02:571 INFO  LoginPage :35 - Enter your username[[ChromeDriver: chrome on WINDOWS (cec01a9bfd1f974b82715c4c001e242d)] -> name: username]
2023-02-08 18:02:738 INFO  LoginPage :40 - Enter your passwordadmin123
2023-02-08 18:02:768 INFO  LoginPage :43 - click on login button[[ChromeDriver: chrome on WINDOWS (cec01a9bfd1f974b82715c4c001e242d)] -> xpath: //button[@type='submit']]
2023-02-08 18:02:40 INFO  HomePage :52 - Click on admin tab[[ChromeDriver: chrome on WINDOWS (cec01a9bfd1f974b82715c4c001e242d)] -> xpath: //div[@class='oxd-sidepanel-body']/ul/li//a[@href='/web/index.php/admin/viewAdminModule']]
2023-02-08 18:02:118 INFO  HomePage :83 - getting text of [[ChromeDriver: chrome on WINDOWS (cec01a9bfd1f974b82715c4c001e242d)] -> xpath: //h5[text()='System Users']]
2023-02-08 18:02:398 INFO  HomePage :158 - Click on add button Proxy element for: DefaultElementLocator 'By.xpath: //div[@class='orangehrm-header-container']//button[@type='button']'
2023-02-08 18:02:439 INFO  HomePage :98 - getting text of [[ChromeDriver: chrome on WINDOWS (cec01a9bfd1f974b82715c4c001e242d)] -> xpath: //div[@class='orangehrm-card-container']//h6[text()='Add User']]
2023-02-08 18:02:426 INFO  Utils :112 - [TestNG] Running:
  C:\Users\kuldi\AppData\Local\JetBrains\IdeaIC2022.3\temp-testng-customsuite.xml

2023-02-08 18:02:686 INFO  WebDriverManager :1122 - Using chromedriver 109.0.5414.74 (resolved driver for Chrome 109)
2023-02-08 18:02:751 INFO  WebDriverManager :1177 - Exporting webdriver.chrome.driver as C:\Users\kuldi\.cache\selenium\chromedriver\win32\109.0.5414.74\chromedriver.exe
2023-02-08 18:02:823 INFO  LoginPage :35 - Enter your username[[ChromeDriver: chrome on WINDOWS (0cf00c43d9ac50bebb09002625b31ead)] -> name: username]
2023-02-08 18:02:998 INFO  LoginPage :40 - Enter your passwordadmin123
2023-02-08 18:02:28 INFO  LoginPage :43 - click on login button[[ChromeDriver: chrome on WINDOWS (0cf00c43d9ac50bebb09002625b31ead)] -> xpath: //button[@type='submit']]
2023-02-08 18:02:992 INFO  HomePage :52 - Click on admin tab[[ChromeDriver: chrome on WINDOWS (0cf00c43d9ac50bebb09002625b31ead)] -> xpath: //div[@class='oxd-sidepanel-body']/ul/li//a[@href='/web/index.php/admin/viewAdminModule']]
2023-02-08 18:02:21 INFO  HomePage :83 - getting text of [[ChromeDriver: chrome on WINDOWS (0cf00c43d9ac50bebb09002625b31ead)] -> xpath: //h5[text()='System Users']]
2023-02-08 18:02:408 INFO  HomePage :158 - Click on add button Proxy element for: DefaultElementLocator 'By.xpath: //div[@class='orangehrm-header-container']//button[@type='button']'
2023-02-08 18:02:499 INFO  HomePage :98 - getting text of [[ChromeDriver: chrome on WINDOWS (0cf00c43d9ac50bebb09002625b31ead)] -> xpath: //div[@class='orangehrm-card-container']//h6[text()='Add User']]
2023-02-08 18:02:750 INFO  Utils :112 - [TestNG] Running:
  C:\Users\kuldi\AppData\Local\JetBrains\IdeaIC2022.3\temp-testng-customsuite.xml

2023-02-08 18:02:141 INFO  WebDriverManager :1122 - Using chromedriver 109.0.5414.74 (resolved driver for Chrome 109)
2023-02-08 18:02:234 INFO  WebDriverManager :1177 - Exporting webdriver.chrome.driver as C:\Users\kuldi\.cache\selenium\chromedriver\win32\109.0.5414.74\chromedriver.exe
2023-02-08 18:02:194 INFO  LoginPage :35 - Enter your username[[ChromeDriver: chrome on WINDOWS (04041fd9be6796567e789638636c81cf)] -> name: username]
2023-02-08 18:02:319 INFO  LoginPage :40 - Enter your passwordadmin123
2023-02-08 18:02:339 INFO  LoginPage :43 - click on login button[[ChromeDriver: chrome on WINDOWS (04041fd9be6796567e789638636c81cf)] -> xpath: //button[@type='submit']]
2023-02-08 18:02:463 INFO  HomePage :52 - Click on admin tab[[ChromeDriver: chrome on WINDOWS (04041fd9be6796567e789638636c81cf)] -> xpath: //div[@class='oxd-sidepanel-body']/ul/li//a[@href='/web/index.php/admin/viewAdminModule']]
2023-02-08 18:02:481 INFO  HomePage :83 - getting text of [[ChromeDriver: chrome on WINDOWS (04041fd9be6796567e789638636c81cf)] -> xpath: //h5[text()='System Users']]
2023-02-08 18:02:110 INFO  HomePage :158 - Click on add button Proxy element for: DefaultElementLocator 'By.xpath: //div[@class='orangehrm-header-container']//button[@type='button']'
2023-02-08 18:02:154 INFO  HomePage :98 - getting text of [[ChromeDriver: chrome on WINDOWS (04041fd9be6796567e789638636c81cf)] -> xpath: //div[@class='orangehrm-card-container']//h6[text()='Add User']]
2023-02-08 18:02:137 INFO  Utils :112 - [TestNG] Running:
  C:\Users\kuldi\AppData\Local\JetBrains\IdeaIC2022.3\temp-testng-customsuite.xml

2023-02-08 18:02:542 INFO  WebDriverManager :1122 - Using chromedriver 109.0.5414.74 (resolved driver for Chrome 109)
2023-02-08 18:02:605 INFO  WebDriverManager :1177 - Exporting webdriver.chrome.driver as C:\Users\kuldi\.cache\selenium\chromedriver\win32\109.0.5414.74\chromedriver.exe
2023-02-08 18:02:431 INFO  LoginPage :35 - Enter your username[[ChromeDriver: chrome on WINDOWS (07ac801783889d2be6ff1166ce22f927)] -> name: username]
2023-02-08 18:02:611 INFO  LoginPage :40 - Enter your passwordadmin123
2023-02-08 18:02:641 INFO  LoginPage :43 - click on login button[[ChromeDriver: chrome on WINDOWS (07ac801783889d2be6ff1166ce22f927)] -> xpath: //button[@type='submit']]
2023-02-08 18:02:103 INFO  HomePage :52 - Click on admin tab[[ChromeDriver: chrome on WINDOWS (07ac801783889d2be6ff1166ce22f927)] -> xpath: //div[@class='oxd-sidepanel-body']/ul/li//a[@href='/web/index.php/admin/viewAdminModule']]
2023-02-08 18:02:140 INFO  HomePage :52 - Click on admin tab[[ChromeDriver: chrome on WINDOWS (07ac801783889d2be6ff1166ce22f927)] -> xpath: //div[@class='oxd-sidepanel-body']/ul/li//a[@href='/web/index.php/admin/viewAdminModule']]
2023-02-08 18:02:175 INFO  HomePage :83 - getting text of [[ChromeDriver: chrome on WINDOWS (07ac801783889d2be6ff1166ce22f927)] -> xpath: //h5[text()='System Users']]
2023-02-08 18:02:497 INFO  HomePage :104 - getting text of Proxy element for: DefaultElementLocator 'By.xpath: //div[@class='oxd-form-row']/div/div[1]//input[@class='oxd-input oxd-input--active']'
2023-02-08 18:02:132 INFO  HomePage :148 - Click on search button [[ChromeDriver: chrome on WINDOWS (07ac801783889d2be6ff1166ce22f927)] -> xpath: //div[@class='oxd-form-actions']//button[@type='submit']]
2023-02-08 18:02:422 INFO  HomePage :93 - getting text of [[ChromeDriver: chrome on WINDOWS (07ac801783889d2be6ff1166ce22f927)] -> xpath: //div[@class='orangehrm-horizontal-padding orangehrm-vertical-padding']/span[text()='No Records Found']]
2023-02-08 19:02:272 INFO  Utils :112 - [TestNG] Running:
  C:\HomeWork\orangeHRMweek13\src\test\java\resources\runners\testng.xml

2023-02-08 19:02:188 INFO  WebDriverManager :1122 - Using chromedriver 109.0.5414.74 (resolved driver for Chrome 109)
2023-02-08 19:02:233 INFO  WebDriverManager :1177 - Exporting webdriver.chrome.driver as C:\Users\kuldi\.cache\selenium\chromedriver\win32\109.0.5414.74\chromedriver.exe
2023-02-08 19:02:977 INFO  LoginPage :35 - Enter your username[[ChromeDriver: chrome on WINDOWS (44f1de0977a69ef1d30ac7508ae0f0da)] -> name: username]
2023-02-08 19:02:153 INFO  LoginPage :40 - Enter your passwordadmin123
2023-02-08 19:02:192 INFO  LoginPage :43 - click on login button[[ChromeDriver: chrome on WINDOWS (44f1de0977a69ef1d30ac7508ae0f0da)] -> xpath: //button[@type='submit']]
2023-02-08 19:02:162 INFO  WebDriverManager :1122 - Using chromedriver 109.0.5414.74 (resolved driver for Chrome 109)
2023-02-08 19:02:184 INFO  WebDriverManager :1177 - Exporting webdriver.chrome.driver as C:\Users\kuldi\.cache\selenium\chromedriver\win32\109.0.5414.74\chromedriver.exe
2023-02-08 19:02:783 INFO  LoginPage :35 - Enter your username[[ChromeDriver: chrome on WINDOWS (97bdb2120f0ab316bc30ccac7841e8cb)] -> name: username]
2023-02-08 19:02:902 INFO  LoginPage :40 - Enter your passwordadmin123
2023-02-08 19:02:922 INFO  LoginPage :43 - click on login button[[ChromeDriver: chrome on WINDOWS (97bdb2120f0ab316bc30ccac7841e8cb)] -> xpath: //button[@type='submit']]
2023-02-08 19:02:183 INFO  HomePage :33 - Getting profile picture from[[ChromeDriver: chrome on WINDOWS (97bdb2120f0ab316bc30ccac7841e8cb)] -> xpath: //div[@class='oxd-topbar-header-userarea']/ul/li/span//img[@alt='profile picture']]
2023-02-08 19:02:393 INFO  HomePage :39 - click on logoutProxy element for: DefaultElementLocator 'By.xpath: //div[@class='oxd-topbar-header-userarea']/ul/li/ul/li[4]//a[@href='/web/index.php/auth/logout']'
2023-02-08 19:02:402 INFO  WebDriverManager :1122 - Using chromedriver 109.0.5414.74 (resolved driver for Chrome 109)
2023-02-08 19:02:426 INFO  WebDriverManager :1177 - Exporting webdriver.chrome.driver as C:\Users\kuldi\.cache\selenium\chromedriver\win32\109.0.5414.74\chromedriver.exe
2023-02-08 19:02:285 INFO  LoginPage :35 - Enter your username[[ChromeDriver: chrome on WINDOWS (c76232dd19e572ed42f261192a4e7c3b)] -> name: username]
2023-02-08 19:02:443 INFO  LoginPage :40 - Enter your passwordadmin123
2023-02-08 19:02:471 INFO  LoginPage :43 - click on login button[[ChromeDriver: chrome on WINDOWS (c76232dd19e572ed42f261192a4e7c3b)] -> xpath: //button[@type='submit']]
2023-02-08 19:02:270 INFO  WebDriverManager :1122 - Using chromedriver 109.0.5414.74 (resolved driver for Chrome 109)
2023-02-08 19:02:282 INFO  WebDriverManager :1177 - Exporting webdriver.chrome.driver as C:\Users\kuldi\.cache\selenium\chromedriver\win32\109.0.5414.74\chromedriver.exe
2023-02-08 19:02:271 INFO  LoginPage :35 - Enter your username[[ChromeDriver: chrome on WINDOWS (e2112466cefc029ea7f2eeea50dd5a59)] -> name: username]
2023-02-08 19:02:468 INFO  LoginPage :40 - Enter your passwordadmin123
2023-02-08 19:02:506 INFO  LoginPage :43 - click on login button[[ChromeDriver: chrome on WINDOWS (e2112466cefc029ea7f2eeea50dd5a59)] -> xpath: //button[@type='submit']]
2023-02-08 19:02:161 INFO  HomePage :52 - Click on admin tab[[ChromeDriver: chrome on WINDOWS (e2112466cefc029ea7f2eeea50dd5a59)] -> xpath: //div[@class='oxd-sidepanel-body']/ul/li//a[@href='/web/index.php/admin/viewAdminModule']]
2023-02-08 19:02:193 INFO  HomePage :83 - getting text of [[ChromeDriver: chrome on WINDOWS (e2112466cefc029ea7f2eeea50dd5a59)] -> xpath: //h5[text()='System Users']]
2023-02-08 19:02:84 INFO  HomePage :158 - Click on add button Proxy element for: DefaultElementLocator 'By.xpath: //div[@class='orangehrm-header-container']//button[@type='button']'
2023-02-08 19:02:112 INFO  HomePage :98 - getting text of [[ChromeDriver: chrome on WINDOWS (e2112466cefc029ea7f2eeea50dd5a59)] -> xpath: //div[@class='orangehrm-card-container']//h6[text()='Add User']]
2023-02-08 19:02:898 INFO  WebDriverManager :1122 - Using chromedriver 109.0.5414.74 (resolved driver for Chrome 109)
2023-02-08 19:02:913 INFO  WebDriverManager :1177 - Exporting webdriver.chrome.driver as C:\Users\kuldi\.cache\selenium\chromedriver\win32\109.0.5414.74\chromedriver.exe
2023-02-08 19:02:53 INFO  LoginPage :35 - Enter your username[[ChromeDriver: chrome on WINDOWS (3cad938afeaea9c96bc00379c620fda0)] -> name: username]
2023-02-08 19:02:243 INFO  LoginPage :40 - Enter your passwordadmin123
2023-02-08 19:02:273 INFO  LoginPage :43 - click on login button[[ChromeDriver: chrome on WINDOWS (3cad938afeaea9c96bc00379c620fda0)] -> xpath: //button[@type='submit']]
2023-02-08 19:02:284 INFO  HomePage :52 - Click on admin tab[[ChromeDriver: chrome on WINDOWS (3cad938afeaea9c96bc00379c620fda0)] -> xpath: //div[@class='oxd-sidepanel-body']/ul/li//a[@href='/web/index.php/admin/viewAdminModule']]
2023-02-08 19:02:326 INFO  HomePage :52 - Click on admin tab[[ChromeDriver: chrome on WINDOWS (3cad938afeaea9c96bc00379c620fda0)] -> xpath: //div[@class='oxd-sidepanel-body']/ul/li//a[@href='/web/index.php/admin/viewAdminModule']]
2023-02-08 19:02:367 INFO  HomePage :83 - getting text of [[ChromeDriver: chrome on WINDOWS (3cad938afeaea9c96bc00379c620fda0)] -> xpath: //h5[text()='System Users']]
2023-02-08 19:02:946 INFO  HomePage :104 - getting text of Proxy element for: DefaultElementLocator 'By.xpath: //div[@class='oxd-form-row']/div/div[1]//input[@class='oxd-input oxd-input--active']'
2023-02-08 19:02:613 INFO  HomePage :148 - Click on search button [[ChromeDriver: chrome on WINDOWS (3cad938afeaea9c96bc00379c620fda0)] -> xpath: //div[@class='oxd-form-actions']//button[@type='submit']]
2023-02-08 19:02:864 INFO  HomePage :93 - getting text of [[ChromeDriver: chrome on WINDOWS (3cad938afeaea9c96bc00379c620fda0)] -> xpath: //div[@class='orangehrm-horizontal-padding orangehrm-vertical-padding']/span[text()='No Records Found']]
2023-02-08 19:02:622 INFO  WebDriverManager :1122 - Using chromedriver 109.0.5414.74 (resolved driver for Chrome 109)
2023-02-08 19:02:633 INFO  WebDriverManager :1177 - Exporting webdriver.chrome.driver as C:\Users\kuldi\.cache\selenium\chromedriver\win32\109.0.5414.74\chromedriver.exe
2023-02-08 19:02:533 INFO  LoginPage :35 - Enter your username[[ChromeDriver: chrome on WINDOWS (00d3843eb1feaba75d217eb4996a8788)] -> name: username]
2023-02-08 19:02:661 INFO  LoginPage :40 - Enter your passwordadmin123
2023-02-08 19:02:674 INFO  LoginPage :43 - click on login button[[ChromeDriver: chrome on WINDOWS (00d3843eb1feaba75d217eb4996a8788)] -> xpath: //button[@type='submit']]
2023-02-08 19:02:322 INFO  HomePage :52 - Click on admin tab[[ChromeDriver: chrome on WINDOWS (00d3843eb1feaba75d217eb4996a8788)] -> xpath: //div[@class='oxd-sidepanel-body']/ul/li//a[@href='/web/index.php/admin/viewAdminModule']]
2023-02-08 19:02:370 INFO  HomePage :83 - getting text of [[ChromeDriver: chrome on WINDOWS (00d3843eb1feaba75d217eb4996a8788)] -> xpath: //h5[text()='System Users']]
2023-02-08 19:02:543 INFO  HomePage :104 - getting text of Proxy element for: DefaultElementLocator 'By.xpath: //div[@class='oxd-form-row']/div/div[1]//input[@class='oxd-input oxd-input--active']'
2023-02-08 19:02:905 INFO  HomePage :148 - Click on search button [[ChromeDriver: chrome on WINDOWS (00d3843eb1feaba75d217eb4996a8788)] -> xpath: //div[@class='oxd-form-actions']//button[@type='submit']]
2023-02-08 19:02:833 INFO  WebDriverManager :1122 - Using chromedriver 109.0.5414.74 (resolved driver for Chrome 109)
2023-02-08 19:02:838 INFO  WebDriverManager :1177 - Exporting webdriver.chrome.driver as C:\Users\kuldi\.cache\selenium\chromedriver\win32\109.0.5414.74\chromedriver.exe
2023-02-08 19:02:659 INFO  LoginPage :35 - Enter your username[[ChromeDriver: chrome on WINDOWS (cbf538d6389ac787dbe0f1f46c38368d)] -> name: username]
2023-02-08 19:02:950 INFO  LoginPage :40 - Enter your passwordadmin123
2023-02-08 19:02:984 INFO  LoginPage :43 - click on login button[[ChromeDriver: chrome on WINDOWS (cbf538d6389ac787dbe0f1f46c38368d)] -> xpath: //button[@type='submit']]
2023-02-08 19:02:478 INFO  HomePage :52 - Click on admin tab[[ChromeDriver: chrome on WINDOWS (cbf538d6389ac787dbe0f1f46c38368d)] -> xpath: //div[@class='oxd-sidepanel-body']/ul/li//a[@href='/web/index.php/admin/viewAdminModule']]
2023-02-08 19:02:146 INFO  HomePage :52 - Click on admin tab[[ChromeDriver: chrome on WINDOWS (cbf538d6389ac787dbe0f1f46c38368d)] -> xpath: //div[@class='oxd-sidepanel-body']/ul/li//a[@href='/web/index.php/admin/viewAdminModule']]
2023-02-08 19:02:185 INFO  HomePage :83 - getting text of [[ChromeDriver: chrome on WINDOWS (cbf538d6389ac787dbe0f1f46c38368d)] -> xpath: //h5[text()='System Users']]
2023-02-08 19:02:270 INFO  HomePage :104 - getting text of Proxy element for: DefaultElementLocator 'By.xpath: //div[@class='oxd-form-row']/div/div[1]//input[@class='oxd-input oxd-input--active']'
2023-02-08 19:02:608 INFO  HomePage :148 - Click on search button [[ChromeDriver: chrome on WINDOWS (cbf538d6389ac787dbe0f1f46c38368d)] -> xpath: //div[@class='oxd-form-actions']//button[@type='submit']]
2023-02-08 19:02:983 INFO  HomePage :114 - Click on the checkbox.Proxy element for: DefaultElementLocator 'By.xpath: //div[@class='oxd-table-body']/div[1]/div/div//div/label//span[@class='oxd-checkbox-input oxd-checkbox-input--active --label-right oxd-checkbox-input']'
2023-02-08 19:02:71 INFO  HomePage :143 - delete user[[ChromeDriver: chrome on WINDOWS (cbf538d6389ac787dbe0f1f46c38368d)] -> xpath: //div[@class='orangehrm-horizontal-padding orangehrm-vertical-padding']/div/button//i[@class='oxd-icon bi-trash-fill oxd-button-icon']]
2023-02-08 19:02:193 INFO  HomePage :109 - this will delete Proxy element for: DefaultElementLocator 'By.xpath: //div[@class='orangehrm-modal-footer']/button[2]//i[@class='oxd-icon bi-trash oxd-button-icon']'
2023-02-08 19:02:213 INFO  HomePage :93 - getting text of [[ChromeDriver: chrome on WINDOWS (cbf538d6389ac787dbe0f1f46c38368d)] -> xpath: //div[@class='orangehrm-horizontal-padding orangehrm-vertical-padding']/span[text()='No Records Found']]
